{"C:\\Users\\Administrator\\Desktop\\game\\trainsurvival-capacitor\\src\\core\\EnhanceSystem.ts": {"path":"C:\\Users\\Administrator\\Desktop\\game\\trainsurvival-capacitor\\src\\core\\EnhanceSystem.ts","statementMap":{"0":{"start":{"line":15,"column":37},"end":{"line":17,"column":null}},"1":{"start":{"line":20,"column":34},"end":{"line":22,"column":null}},"2":{"start":{"line":25,"column":39},"end":{"line":25,"column":null}},"3":{"start":{"line":29,"column":53},"end":{"line":29,"column":null}},"4":{"start":{"line":30,"column":2},"end":{"line":38,"column":null}},"5":{"start":{"line":30,"column":15},"end":{"line":30,"column":18}},"6":{"start":{"line":31,"column":4},"end":{"line":37,"column":null}},"7":{"start":{"line":39,"column":2},"end":{"line":39,"column":null}},"8":{"start":{"line":42,"column":30},"end":{"line":42,"column":null}},"9":{"start":{"line":45,"column":33},"end":{"line":45,"column":null}},"10":{"start":{"line":48,"column":32},"end":{"line":48,"column":null}},"11":{"start":{"line":51,"column":34},"end":{"line":51,"column":null}},"12":{"start":{"line":54,"column":54},"end":{"line":57,"column":null}},"13":{"start":{"line":60,"column":7},"end":{"line":60,"column":null}},"14":{"start":{"line":61,"column":2},"end":{"line":61,"column":null}},"15":{"start":{"line":62,"column":2},"end":{"line":62,"column":null}},"16":{"start":{"line":63,"column":2},"end":{"line":63,"column":null}},"17":{"start":{"line":60,"column":12},"end":{"line":60,"column":null}},"18":{"start":{"line":110,"column":2},"end":{"line":110,"column":null}},"19":{"start":{"line":115,"column":17},"end":{"line":115,"column":null}},"20":{"start":{"line":116,"column":2},"end":{"line":116,"column":null}},"21":{"start":{"line":121,"column":17},"end":{"line":121,"column":null}},"22":{"start":{"line":122,"column":2},"end":{"line":122,"column":null}},"23":{"start":{"line":127,"column":16},"end":{"line":127,"column":null}},"24":{"start":{"line":128,"column":2},"end":{"line":128,"column":null}},"25":{"start":{"line":133,"column":17},"end":{"line":133,"column":null}},"26":{"start":{"line":134,"column":2},"end":{"line":134,"column":null}},"27":{"start":{"line":144,"column":16},"end":{"line":144,"column":null}},"28":{"start":{"line":146,"column":26},"end":{"line":146,"column":null}},"29":{"start":{"line":147,"column":2},"end":{"line":152,"column":null}},"30":{"start":{"line":160,"column":26},"end":{"line":160,"column":null}},"31":{"start":{"line":161,"column":2},"end":{"line":166,"column":null}},"32":{"start":{"line":175,"column":4},"end":{"line":175,"column":null}},"33":{"start":{"line":176,"column":4},"end":{"line":176,"column":null}},"34":{"start":{"line":181,"column":25},"end":{"line":181,"column":null}},"35":{"start":{"line":182,"column":19},"end":{"line":182,"column":null}},"36":{"start":{"line":184,"column":4},"end":{"line":203,"column":null}},"37":{"start":{"line":185,"column":6},"end":{"line":202,"column":null}},"38":{"start":{"line":205,"column":22},"end":{"line":205,"column":null}},"39":{"start":{"line":208,"column":22},"end":{"line":208,"column":null}},"40":{"start":{"line":209,"column":10},"end":{"line":209,"column":null}},"41":{"start":{"line":212,"column":22},"end":{"line":212,"column":null}},"42":{"start":{"line":213,"column":26},"end":{"line":213,"column":null}},"43":{"start":{"line":215,"column":4},"end":{"line":244,"column":null}},"44":{"start":{"line":249,"column":20},"end":{"line":249,"column":null}},"45":{"start":{"line":251,"column":4},"end":{"line":262,"column":null}},"46":{"start":{"line":252,"column":6},"end":{"line":261,"column":null}},"47":{"start":{"line":264,"column":19},"end":{"line":264,"column":null}},"48":{"start":{"line":267,"column":4},"end":{"line":267,"column":null}},"49":{"start":{"line":270,"column":17},"end":{"line":270,"column":null}},"50":{"start":{"line":271,"column":20},"end":{"line":271,"column":null}},"51":{"start":{"line":273,"column":4},"end":{"line":341,"column":null}},"52":{"start":{"line":275,"column":24},"end":{"line":275,"column":null}},"53":{"start":{"line":276,"column":28},"end":{"line":276,"column":null}},"54":{"start":{"line":278,"column":25},"end":{"line":278,"column":null}},"55":{"start":{"line":279,"column":26},"end":{"line":279,"column":null}},"56":{"start":{"line":280,"column":24},"end":{"line":280,"column":null}},"57":{"start":{"line":281,"column":24},"end":{"line":281,"column":null}},"58":{"start":{"line":283,"column":6},"end":{"line":283,"column":null}},"59":{"start":{"line":284,"column":6},"end":{"line":284,"column":null}},"60":{"start":{"line":285,"column":6},"end":{"line":285,"column":null}},"61":{"start":{"line":286,"column":6},"end":{"line":286,"column":null}},"62":{"start":{"line":287,"column":6},"end":{"line":287,"column":null}},"63":{"start":{"line":289,"column":6},"end":{"line":304,"column":null}},"64":{"start":{"line":307,"column":6},"end":{"line":340,"column":null}},"65":{"start":{"line":309,"column":25},"end":{"line":309,"column":null}},"66":{"start":{"line":310,"column":26},"end":{"line":310,"column":null}},"67":{"start":{"line":311,"column":32},"end":{"line":311,"column":null}},"68":{"start":{"line":313,"column":8},"end":{"line":313,"column":null}},"69":{"start":{"line":314,"column":8},"end":{"line":314,"column":null}},"70":{"start":{"line":315,"column":8},"end":{"line":315,"column":null}},"71":{"start":{"line":316,"column":8},"end":{"line":316,"column":null}},"72":{"start":{"line":317,"column":8},"end":{"line":317,"column":null}},"73":{"start":{"line":319,"column":8},"end":{"line":328,"column":null}},"74":{"start":{"line":330,"column":8},"end":{"line":339,"column":null}},"75":{"start":{"line":354,"column":2},"end":{"line":354,"column":null}},"76":{"start":{"line":367,"column":2},"end":{"line":367,"column":null}},"77":{"start":{"line":372,"column":2},"end":{"line":372,"column":null}},"78":{"start":{"line":372,"column":19},"end":{"line":372,"column":null}},"79":{"start":{"line":373,"column":2},"end":{"line":373,"column":null}},"80":{"start":{"line":373,"column":19},"end":{"line":373,"column":null}},"81":{"start":{"line":374,"column":2},"end":{"line":374,"column":null}},"82":{"start":{"line":374,"column":18},"end":{"line":374,"column":null}},"83":{"start":{"line":375,"column":2},"end":{"line":375,"column":null}},"84":{"start":{"line":375,"column":18},"end":{"line":375,"column":null}},"85":{"start":{"line":376,"column":2},"end":{"line":376,"column":null}},"86":{"start":{"line":381,"column":2},"end":{"line":381,"column":null}},"87":{"start":{"line":381,"column":18},"end":{"line":381,"column":null}},"88":{"start":{"line":382,"column":2},"end":{"line":382,"column":null}}},"fnMap":{"0":{"name":"generateEnhanceConfig","decl":{"start":{"line":28,"column":9},"end":{"line":28,"column":69}},"loc":{"start":{"line":28,"column":69},"end":{"line":40,"column":null}},"line":28},"1":{"name":"(anonymous_1)","decl":{"start":{"line":60,"column":7},"end":{"line":60,"column":12}},"loc":{"start":{"line":60,"column":7},"end":{"line":60,"column":null}},"line":60},"2":{"name":"getEnhanceConfig","decl":{"start":{"line":109,"column":16},"end":{"line":109,"column":33}},"loc":{"start":{"line":109,"column":75},"end":{"line":111,"column":null}},"line":109},"3":{"name":"calculateEnhanceRate","decl":{"start":{"line":114,"column":16},"end":{"line":114,"column":37}},"loc":{"start":{"line":114,"column":67},"end":{"line":117,"column":null}},"line":114},"4":{"name":"calculateStoneCost","decl":{"start":{"line":120,"column":16},"end":{"line":120,"column":35}},"loc":{"start":{"line":120,"column":65},"end":{"line":123,"column":null}},"line":120},"5":{"name":"canEnhance","decl":{"start":{"line":126,"column":16},"end":{"line":126,"column":27}},"loc":{"start":{"line":126,"column":74},"end":{"line":129,"column":null}},"line":126},"6":{"name":"getSuccessRate","decl":{"start":{"line":132,"column":16},"end":{"line":132,"column":31}},"loc":{"start":{"line":132,"column":61},"end":{"line":135,"column":null}},"line":132},"7":{"name":"getBaseEquipmentStats","decl":{"start":{"line":138,"column":9},"end":{"line":138,"column":31}},"loc":{"start":{"line":143,"column":2},"end":{"line":153,"column":null}},"line":143},"8":{"name":"calculateEnhancedStats","decl":{"start":{"line":156,"column":9},"end":{"line":156,"column":null}},"loc":{"start":{"line":159,"column":69},"end":{"line":167,"column":null}},"line":159},"9":{"name":"(anonymous_9)","decl":{"start":{"line":174,"column":2},"end":{"line":174,"column":14}},"loc":{"start":{"line":174,"column":52},"end":{"line":177,"column":null}},"line":174},"10":{"name":"(anonymous_10)","decl":{"start":{"line":180,"column":2},"end":{"line":180,"column":20}},"loc":{"start":{"line":180,"column":66},"end":{"line":245,"column":null}},"line":180},"11":{"name":"(anonymous_11)","decl":{"start":{"line":248,"column":2},"end":{"line":248,"column":10}},"loc":{"start":{"line":248,"column":87},"end":{"line":342,"column":null}},"line":248},"12":{"name":"calculateEnhanceStats","decl":{"start":{"line":346,"column":16},"end":{"line":346,"column":null}},"loc":{"start":{"line":351,"column":2},"end":{"line":355,"column":null}},"line":351},"13":{"name":"calculateEnhanceBonus","decl":{"start":{"line":358,"column":16},"end":{"line":358,"column":null}},"loc":{"start":{"line":364,"column":2},"end":{"line":368,"column":null}},"line":364},"14":{"name":"getEnhanceLevelColor","decl":{"start":{"line":371,"column":16},"end":{"line":371,"column":37}},"loc":{"start":{"line":371,"column":60},"end":{"line":377,"column":null}},"line":371},"15":{"name":"getEnhanceLevelText","decl":{"start":{"line":380,"column":16},"end":{"line":380,"column":36}},"loc":{"start":{"line":380,"column":59},"end":{"line":383,"column":null}},"line":380}},"branchMap":{"0":{"loc":{"start":{"line":60,"column":12},"end":{"line":60,"column":null}},"type":"binary-expr","locations":[{"start":{"line":60,"column":12},"end":{"line":60,"column":null}},{"start":{"line":60,"column":12},"end":{"line":60,"column":null}}],"line":60},"1":{"loc":{"start":{"line":110,"column":9},"end":{"line":110,"column":null}},"type":"binary-expr","locations":[{"start":{"line":110,"column":9},"end":{"line":110,"column":34}},{"start":{"line":110,"column":34},"end":{"line":110,"column":null}}],"line":110},"2":{"loc":{"start":{"line":116,"column":9},"end":{"line":116,"column":null}},"type":"cond-expr","locations":[{"start":{"line":116,"column":18},"end":{"line":116,"column":39}},{"start":{"line":116,"column":39},"end":{"line":116,"column":null}}],"line":116},"3":{"loc":{"start":{"line":122,"column":9},"end":{"line":122,"column":null}},"type":"cond-expr","locations":[{"start":{"line":122,"column":18},"end":{"line":122,"column":37}},{"start":{"line":122,"column":37},"end":{"line":122,"column":null}}],"line":122},"4":{"loc":{"start":{"line":127,"column":16},"end":{"line":127,"column":null}},"type":"binary-expr","locations":[{"start":{"line":127,"column":16},"end":{"line":127,"column":42}},{"start":{"line":127,"column":42},"end":{"line":127,"column":null}}],"line":127},"5":{"loc":{"start":{"line":134,"column":9},"end":{"line":134,"column":null}},"type":"cond-expr","locations":[{"start":{"line":134,"column":18},"end":{"line":134,"column":39}},{"start":{"line":134,"column":39},"end":{"line":134,"column":null}}],"line":134},"6":{"loc":{"start":{"line":144,"column":16},"end":{"line":144,"column":null}},"type":"binary-expr","locations":[{"start":{"line":144,"column":16},"end":{"line":144,"column":42}},{"start":{"line":144,"column":42},"end":{"line":144,"column":null}}],"line":144},"7":{"loc":{"start":{"line":148,"column":24},"end":{"line":148,"column":49}},"type":"binary-expr","locations":[{"start":{"line":148,"column":24},"end":{"line":148,"column":44}},{"start":{"line":148,"column":44},"end":{"line":148,"column":49}}],"line":148},"8":{"loc":{"start":{"line":149,"column":25},"end":{"line":149,"column":51}},"type":"binary-expr","locations":[{"start":{"line":149,"column":25},"end":{"line":149,"column":46}},{"start":{"line":149,"column":46},"end":{"line":149,"column":51}}],"line":149},"9":{"loc":{"start":{"line":150,"column":23},"end":{"line":150,"column":47}},"type":"binary-expr","locations":[{"start":{"line":150,"column":23},"end":{"line":150,"column":42}},{"start":{"line":150,"column":42},"end":{"line":150,"column":47}}],"line":150},"10":{"loc":{"start":{"line":151,"column":23},"end":{"line":151,"column":47}},"type":"binary-expr","locations":[{"start":{"line":151,"column":23},"end":{"line":151,"column":42}},{"start":{"line":151,"column":42},"end":{"line":151,"column":47}}],"line":151},"11":{"loc":{"start":{"line":181,"column":25},"end":{"line":181,"column":null}},"type":"binary-expr","locations":[{"start":{"line":181,"column":25},"end":{"line":181,"column":51}},{"start":{"line":181,"column":51},"end":{"line":181,"column":null}}],"line":181},"12":{"loc":{"start":{"line":184,"column":4},"end":{"line":203,"column":null}},"type":"if","locations":[{"start":{"line":184,"column":4},"end":{"line":203,"column":null}},{"start":{},"end":{}}],"line":184},"13":{"loc":{"start":{"line":197,"column":29},"end":{"line":197,"column":52}},"type":"binary-expr","locations":[{"start":{"line":197,"column":29},"end":{"line":197,"column":49}},{"start":{"line":197,"column":49},"end":{"line":197,"column":52}}],"line":197},"14":{"loc":{"start":{"line":197,"column":59},"end":{"line":197,"column":81}},"type":"binary-expr","locations":[{"start":{"line":197,"column":59},"end":{"line":197,"column":79}},{"start":{"line":197,"column":79},"end":{"line":197,"column":81}}],"line":197},"15":{"loc":{"start":{"line":198,"column":30},"end":{"line":198,"column":54}},"type":"binary-expr","locations":[{"start":{"line":198,"column":30},"end":{"line":198,"column":51}},{"start":{"line":198,"column":51},"end":{"line":198,"column":54}}],"line":198},"16":{"loc":{"start":{"line":198,"column":61},"end":{"line":198,"column":84}},"type":"binary-expr","locations":[{"start":{"line":198,"column":61},"end":{"line":198,"column":82}},{"start":{"line":198,"column":82},"end":{"line":198,"column":84}}],"line":198},"17":{"loc":{"start":{"line":199,"column":28},"end":{"line":199,"column":50}},"type":"binary-expr","locations":[{"start":{"line":199,"column":28},"end":{"line":199,"column":47}},{"start":{"line":199,"column":47},"end":{"line":199,"column":50}}],"line":199},"18":{"loc":{"start":{"line":199,"column":57},"end":{"line":199,"column":78}},"type":"binary-expr","locations":[{"start":{"line":199,"column":57},"end":{"line":199,"column":76}},{"start":{"line":199,"column":76},"end":{"line":199,"column":78}}],"line":199},"19":{"loc":{"start":{"line":200,"column":28},"end":{"line":200,"column":50}},"type":"binary-expr","locations":[{"start":{"line":200,"column":28},"end":{"line":200,"column":47}},{"start":{"line":200,"column":47},"end":{"line":200,"column":50}}],"line":200},"20":{"loc":{"start":{"line":200,"column":57},"end":{"line":200,"column":78}},"type":"binary-expr","locations":[{"start":{"line":200,"column":57},"end":{"line":200,"column":76}},{"start":{"line":200,"column":76},"end":{"line":200,"column":78}}],"line":200},"21":{"loc":{"start":{"line":209,"column":29},"end":{"line":209,"column":58}},"type":"binary-expr","locations":[{"start":{"line":209,"column":29},"end":{"line":209,"column":52}},{"start":{"line":209,"column":52},"end":{"line":209,"column":58}}],"line":209},"22":{"loc":{"start":{"line":217,"column":14},"end":{"line":217,"column":null}},"type":"cond-expr","locations":[{"start":{"line":217,"column":33},"end":{"line":217,"column":43}},{"start":{"line":217,"column":43},"end":{"line":217,"column":null}}],"line":217},"23":{"loc":{"start":{"line":228,"column":19},"end":{"line":228,"column":null}},"type":"binary-expr","locations":[{"start":{"line":228,"column":19},"end":{"line":228,"column":39}},{"start":{"line":228,"column":39},"end":{"line":228,"column":null}}],"line":228},"24":{"loc":{"start":{"line":232,"column":19},"end":{"line":232,"column":null}},"type":"binary-expr","locations":[{"start":{"line":232,"column":19},"end":{"line":232,"column":40}},{"start":{"line":232,"column":40},"end":{"line":232,"column":null}}],"line":232},"25":{"loc":{"start":{"line":236,"column":19},"end":{"line":236,"column":null}},"type":"binary-expr","locations":[{"start":{"line":236,"column":19},"end":{"line":236,"column":38}},{"start":{"line":236,"column":38},"end":{"line":236,"column":null}}],"line":236},"26":{"loc":{"start":{"line":240,"column":19},"end":{"line":240,"column":null}},"type":"binary-expr","locations":[{"start":{"line":240,"column":19},"end":{"line":240,"column":38}},{"start":{"line":240,"column":38},"end":{"line":240,"column":null}}],"line":240},"27":{"loc":{"start":{"line":248,"column":40},"end":{"line":248,"column":87}},"type":"default-arg","locations":[{"start":{"line":248,"column":65},"end":{"line":248,"column":87}}],"line":248},"28":{"loc":{"start":{"line":251,"column":4},"end":{"line":262,"column":null}},"type":"if","locations":[{"start":{"line":251,"column":4},"end":{"line":262,"column":null}},{"start":{},"end":{}}],"line":251},"29":{"loc":{"start":{"line":255,"column":17},"end":{"line":255,"column":null}},"type":"binary-expr","locations":[{"start":{"line":255,"column":17},"end":{"line":255,"column":35}},{"start":{"line":255,"column":35},"end":{"line":255,"column":null}}],"line":255},"30":{"loc":{"start":{"line":273,"column":4},"end":{"line":341,"column":null}},"type":"if","locations":[{"start":{"line":273,"column":4},"end":{"line":341,"column":null}},{"start":{"line":305,"column":11},"end":{"line":341,"column":null}}],"line":273},"31":{"loc":{"start":{"line":278,"column":49},"end":{"line":278,"column":null}},"type":"binary-expr","locations":[{"start":{"line":278,"column":49},"end":{"line":278,"column":69}},{"start":{"line":278,"column":69},"end":{"line":278,"column":null}}],"line":278},"32":{"loc":{"start":{"line":279,"column":51},"end":{"line":279,"column":null}},"type":"binary-expr","locations":[{"start":{"line":279,"column":51},"end":{"line":279,"column":72}},{"start":{"line":279,"column":72},"end":{"line":279,"column":null}}],"line":279},"33":{"loc":{"start":{"line":280,"column":47},"end":{"line":280,"column":null}},"type":"binary-expr","locations":[{"start":{"line":280,"column":47},"end":{"line":280,"column":66}},{"start":{"line":280,"column":66},"end":{"line":280,"column":null}}],"line":280},"34":{"loc":{"start":{"line":281,"column":47},"end":{"line":281,"column":null}},"type":"binary-expr","locations":[{"start":{"line":281,"column":47},"end":{"line":281,"column":66}},{"start":{"line":281,"column":66},"end":{"line":281,"column":null}}],"line":281},"35":{"loc":{"start":{"line":307,"column":6},"end":{"line":340,"column":null}},"type":"if","locations":[{"start":{"line":307,"column":6},"end":{"line":340,"column":null}},{"start":{"line":329,"column":13},"end":{"line":340,"column":null}}],"line":307},"36":{"loc":{"start":{"line":307,"column":10},"end":{"line":307,"column":53}},"type":"binary-expr","locations":[{"start":{"line":307,"column":10},"end":{"line":307,"column":37}},{"start":{"line":307,"column":37},"end":{"line":307,"column":53}}],"line":307},"37":{"loc":{"start":{"line":372,"column":2},"end":{"line":372,"column":null}},"type":"if","locations":[{"start":{"line":372,"column":2},"end":{"line":372,"column":null}},{"start":{},"end":{}}],"line":372},"38":{"loc":{"start":{"line":373,"column":2},"end":{"line":373,"column":null}},"type":"if","locations":[{"start":{"line":373,"column":2},"end":{"line":373,"column":null}},{"start":{},"end":{}}],"line":373},"39":{"loc":{"start":{"line":374,"column":2},"end":{"line":374,"column":null}},"type":"if","locations":[{"start":{"line":374,"column":2},"end":{"line":374,"column":null}},{"start":{},"end":{}}],"line":374},"40":{"loc":{"start":{"line":375,"column":2},"end":{"line":375,"column":null}},"type":"if","locations":[{"start":{"line":375,"column":2},"end":{"line":375,"column":null}},{"start":{},"end":{}}],"line":375},"41":{"loc":{"start":{"line":381,"column":2},"end":{"line":381,"column":null}},"type":"if","locations":[{"start":{"line":381,"column":2},"end":{"line":381,"column":null}},{"start":{},"end":{}}],"line":381}},"s":{"0":1,"1":1,"2":1,"3":1,"4":1,"5":1,"6":20,"7":1,"8":1,"9":1,"10":1,"11":1,"12":1,"13":1,"14":1,"15":1,"16":1,"17":1,"18":66,"19":24,"20":24,"21":4,"22":4,"23":5,"24":5,"25":20,"26":20,"27":11,"28":11,"29":11,"30":11,"31":11,"32":10,"33":10,"34":10,"35":10,"36":10,"37":2,"38":8,"39":8,"40":8,"41":10,"42":10,"43":10,"44":6,"45":6,"46":1,"47":5,"48":5,"49":5,"50":5,"51":5,"52":2,"53":2,"54":2,"55":2,"56":2,"57":2,"58":2,"59":2,"60":2,"61":2,"62":2,"63":2,"64":3,"65":1,"66":1,"67":1,"68":1,"69":1,"70":1,"71":1,"72":1,"73":1,"74":2,"75":0,"76":0,"77":5,"78":1,"79":4,"80":1,"81":3,"82":1,"83":2,"84":2,"85":1,"86":4,"87":2,"88":2},"f":{"0":1,"1":1,"2":66,"3":24,"4":4,"5":5,"6":20,"7":11,"8":11,"9":10,"10":10,"11":6,"12":0,"13":0,"14":5,"15":4},"b":{"0":[1,1],"1":[66,6],"2":[23,1],"3":[3,1],"4":[5,2],"5":[20,0],"6":[11,6],"7":[11,0],"8":[11,0],"9":[11,0],"10":[11,11],"11":[10,4],"12":[2,8],"13":[2,0],"14":[2,0],"15":[2,0],"16":[2,0],"17":[2,0],"18":[2,0],"19":[2,2],"20":[2,2],"21":[8,0],"22":[1,7],"23":[10,0],"24":[10,0],"25":[10,0],"26":[10,8],"27":[6],"28":[1,5],"29":[1,0],"30":[2,3],"31":[2,0],"32":[2,0],"33":[2,0],"34":[2,2],"35":[1,2],"36":[3,2],"37":[1,4],"38":[1,3],"39":[1,2],"40":[1,1],"41":[2,2]},"meta":{"lastBranch":42,"lastFunction":16,"lastStatement":89,"seen":{"s:15:37:17:Infinity":0,"s:20:34:22:Infinity":1,"s:25:39:25:Infinity":2,"f:28:9:28:69":0,"s:29:53:29:Infinity":3,"s:30:2:38:Infinity":4,"s:30:15:30:18":5,"s:31:4:37:Infinity":6,"s:39:2:39:Infinity":7,"s:42:30:42:Infinity":8,"s:45:33:45:Infinity":9,"s:48:32:48:Infinity":10,"s:51:34:51:Infinity":11,"s:54:54:57:Infinity":12,"s:60:7:60:Infinity":13,"f:60:7:60:12":1,"s:61:2:61:Infinity":14,"s:62:2:62:Infinity":15,"s:63:2:63:Infinity":16,"s:60:12:60:Infinity":17,"b:60:12:60:Infinity:60:12:60:Infinity":0,"f:109:16:109:33":2,"s:110:2:110:Infinity":18,"b:110:9:110:34:110:34:110:Infinity":1,"f:114:16:114:37":3,"s:115:17:115:Infinity":19,"s:116:2:116:Infinity":20,"b:116:18:116:39:116:39:116:Infinity":2,"f:120:16:120:35":4,"s:121:17:121:Infinity":21,"s:122:2:122:Infinity":22,"b:122:18:122:37:122:37:122:Infinity":3,"f:126:16:126:27":5,"s:127:16:127:Infinity":23,"b:127:16:127:42:127:42:127:Infinity":4,"s:128:2:128:Infinity":24,"f:132:16:132:31":6,"s:133:17:133:Infinity":25,"s:134:2:134:Infinity":26,"b:134:18:134:39:134:39:134:Infinity":5,"f:138:9:138:31":7,"s:144:16:144:Infinity":27,"b:144:16:144:42:144:42:144:Infinity":6,"s:146:26:146:Infinity":28,"s:147:2:152:Infinity":29,"b:148:24:148:44:148:44:148:49":7,"b:149:25:149:46:149:46:149:51":8,"b:150:23:150:42:150:42:150:47":9,"b:151:23:151:42:151:42:151:47":10,"f:156:9:156:Infinity":8,"s:160:26:160:Infinity":30,"s:161:2:166:Infinity":31,"f:174:2:174:14":9,"s:175:4:175:Infinity":32,"s:176:4:176:Infinity":33,"f:180:2:180:20":10,"s:181:25:181:Infinity":34,"b:181:25:181:51:181:51:181:Infinity":11,"s:182:19:182:Infinity":35,"b:184:4:203:Infinity:undefined:undefined:undefined:undefined":12,"s:184:4:203:Infinity":36,"s:185:6:202:Infinity":37,"b:197:29:197:49:197:49:197:52":13,"b:197:59:197:79:197:79:197:81":14,"b:198:30:198:51:198:51:198:54":15,"b:198:61:198:82:198:82:198:84":16,"b:199:28:199:47:199:47:199:50":17,"b:199:57:199:76:199:76:199:78":18,"b:200:28:200:47:200:47:200:50":19,"b:200:57:200:76:200:76:200:78":20,"s:205:22:205:Infinity":38,"s:208:22:208:Infinity":39,"s:209:10:209:Infinity":40,"b:209:29:209:52:209:52:209:58":21,"s:212:22:212:Infinity":41,"s:213:26:213:Infinity":42,"s:215:4:244:Infinity":43,"b:217:33:217:43:217:43:217:Infinity":22,"b:228:19:228:39:228:39:228:Infinity":23,"b:232:19:232:40:232:40:232:Infinity":24,"b:236:19:236:38:236:38:236:Infinity":25,"b:240:19:240:38:240:38:240:Infinity":26,"f:248:2:248:10":11,"b:248:65:248:87":27,"s:249:20:249:Infinity":44,"b:251:4:262:Infinity:undefined:undefined:undefined:undefined":28,"s:251:4:262:Infinity":45,"s:252:6:261:Infinity":46,"b:255:17:255:35:255:35:255:Infinity":29,"s:264:19:264:Infinity":47,"s:267:4:267:Infinity":48,"s:270:17:270:Infinity":49,"s:271:20:271:Infinity":50,"b:273:4:341:Infinity:305:11:341:Infinity":30,"s:273:4:341:Infinity":51,"s:275:24:275:Infinity":52,"s:276:28:276:Infinity":53,"s:278:25:278:Infinity":54,"b:278:49:278:69:278:69:278:Infinity":31,"s:279:26:279:Infinity":55,"b:279:51:279:72:279:72:279:Infinity":32,"s:280:24:280:Infinity":56,"b:280:47:280:66:280:66:280:Infinity":33,"s:281:24:281:Infinity":57,"b:281:47:281:66:281:66:281:Infinity":34,"s:283:6:283:Infinity":58,"s:284:6:284:Infinity":59,"s:285:6:285:Infinity":60,"s:286:6:286:Infinity":61,"s:287:6:287:Infinity":62,"s:289:6:304:Infinity":63,"b:307:6:340:Infinity:329:13:340:Infinity":35,"s:307:6:340:Infinity":64,"b:307:10:307:37:307:37:307:53":36,"s:309:25:309:Infinity":65,"s:310:26:310:Infinity":66,"s:311:32:311:Infinity":67,"s:313:8:313:Infinity":68,"s:314:8:314:Infinity":69,"s:315:8:315:Infinity":70,"s:316:8:316:Infinity":71,"s:317:8:317:Infinity":72,"s:319:8:328:Infinity":73,"s:330:8:339:Infinity":74,"f:346:16:346:Infinity":12,"s:354:2:354:Infinity":75,"f:358:16:358:Infinity":13,"s:367:2:367:Infinity":76,"f:371:16:371:37":14,"b:372:2:372:Infinity:undefined:undefined:undefined:undefined":37,"s:372:2:372:Infinity":77,"s:372:19:372:Infinity":78,"b:373:2:373:Infinity:undefined:undefined:undefined:undefined":38,"s:373:2:373:Infinity":79,"s:373:19:373:Infinity":80,"b:374:2:374:Infinity:undefined:undefined:undefined:undefined":39,"s:374:2:374:Infinity":81,"s:374:18:374:Infinity":82,"b:375:2:375:Infinity:undefined:undefined:undefined:undefined":40,"s:375:2:375:Infinity":83,"s:375:18:375:Infinity":84,"s:376:2:376:Infinity":85,"f:380:16:380:36":15,"b:381:2:381:Infinity:undefined:undefined:undefined:undefined":41,"s:381:2:381:Infinity":86,"s:381:18:381:Infinity":87,"s:382:2:382:Infinity":88}}}
,"C:\\Users\\Administrator\\Desktop\\game\\trainsurvival-capacitor\\src\\core\\Inventory.ts": {"path":"C:\\Users\\Administrator\\Desktop\\game\\trainsurvival-capacitor\\src\\core\\Inventory.ts","statementMap":{"0":{"start":{"line":21,"column":4},"end":{"line":21,"column":null}},"1":{"start":{"line":22,"column":4},"end":{"line":22,"column":null}},"2":{"start":{"line":23,"column":4},"end":{"line":23,"column":null}},"3":{"start":{"line":27,"column":4},"end":{"line":27,"column":null}},"4":{"start":{"line":31,"column":4},"end":{"line":31,"column":null}},"5":{"start":{"line":35,"column":4},"end":{"line":35,"column":null}},"6":{"start":{"line":39,"column":4},"end":{"line":39,"column":null}},"7":{"start":{"line":45,"column":25},"end":{"line":45,"column":null}},"8":{"start":{"line":45,"column":49},"end":{"line":45,"column":85}},"9":{"start":{"line":47,"column":4},"end":{"line":51,"column":null}},"10":{"start":{"line":49,"column":6},"end":{"line":49,"column":null}},"11":{"start":{"line":50,"column":6},"end":{"line":50,"column":null}},"12":{"start":{"line":54,"column":4},"end":{"line":56,"column":null}},"13":{"start":{"line":55,"column":6},"end":{"line":55,"column":null}},"14":{"start":{"line":59,"column":10},"end":{"line":59,"column":null}},"15":{"start":{"line":60,"column":4},"end":{"line":63,"column":null}},"16":{"start":{"line":61,"column":6},"end":{"line":61,"column":null}},"17":{"start":{"line":62,"column":6},"end":{"line":62,"column":null}},"18":{"start":{"line":65,"column":4},"end":{"line":65,"column":null}},"19":{"start":{"line":71,"column":4},"end":{"line":73,"column":null}},"20":{"start":{"line":72,"column":6},"end":{"line":72,"column":null}},"21":{"start":{"line":74,"column":4},"end":{"line":74,"column":null}},"22":{"start":{"line":75,"column":4},"end":{"line":75,"column":null}},"23":{"start":{"line":80,"column":18},"end":{"line":80,"column":null}},"24":{"start":{"line":80,"column":48},"end":{"line":80,"column":75}},"25":{"start":{"line":81,"column":4},"end":{"line":81,"column":null}},"26":{"start":{"line":81,"column":22},"end":{"line":81,"column":null}},"27":{"start":{"line":82,"column":4},"end":{"line":82,"column":null}},"28":{"start":{"line":83,"column":4},"end":{"line":83,"column":null}},"29":{"start":{"line":88,"column":4},"end":{"line":88,"column":null}},"30":{"start":{"line":88,"column":36},"end":{"line":88,"column":63}},"31":{"start":{"line":93,"column":22},"end":{"line":93,"column":null}},"32":{"start":{"line":93,"column":51},"end":{"line":93,"column":69}},"33":{"start":{"line":94,"column":4},"end":{"line":94,"column":null}},"34":{"start":{"line":94,"column":26},"end":{"line":94,"column":null}},"35":{"start":{"line":96,"column":17},"end":{"line":96,"column":null}},"36":{"start":{"line":98,"column":4},"end":{"line":106,"column":null}},"37":{"start":{"line":99,"column":6},"end":{"line":99,"column":null}},"38":{"start":{"line":102,"column":6},"end":{"line":104,"column":null}},"39":{"start":{"line":103,"column":8},"end":{"line":103,"column":null}},"40":{"start":{"line":105,"column":6},"end":{"line":105,"column":null}},"41":{"start":{"line":108,"column":4},"end":{"line":108,"column":null}},"42":{"start":{"line":113,"column":17},"end":{"line":113,"column":null}},"43":{"start":{"line":113,"column":38},"end":{"line":113,"column":53}},"44":{"start":{"line":114,"column":4},"end":{"line":116,"column":null}},"45":{"start":{"line":115,"column":6},"end":{"line":115,"column":null}},"46":{"start":{"line":119,"column":4},"end":{"line":121,"column":null}},"47":{"start":{"line":120,"column":6},"end":{"line":120,"column":null}},"48":{"start":{"line":123,"column":33},"end":{"line":123,"column":null}},"49":{"start":{"line":125,"column":4},"end":{"line":125,"column":null}},"50":{"start":{"line":125,"column":21},"end":{"line":125,"column":null}},"51":{"start":{"line":126,"column":4},"end":{"line":126,"column":null}},"52":{"start":{"line":126,"column":26},"end":{"line":126,"column":null}},"53":{"start":{"line":127,"column":4},"end":{"line":127,"column":null}},"54":{"start":{"line":127,"column":25},"end":{"line":127,"column":null}},"55":{"start":{"line":128,"column":4},"end":{"line":128,"column":null}},"56":{"start":{"line":128,"column":25},"end":{"line":128,"column":null}},"57":{"start":{"line":131,"column":4},"end":{"line":135,"column":null}},"58":{"start":{"line":132,"column":6},"end":{"line":132,"column":null}},"59":{"start":{"line":134,"column":6},"end":{"line":134,"column":null}},"60":{"start":{"line":134,"column":42},"end":{"line":134,"column":57}},"61":{"start":{"line":137,"column":4},"end":{"line":141,"column":null}},"62":{"start":{"line":146,"column":17},"end":{"line":146,"column":null}},"63":{"start":{"line":146,"column":38},"end":{"line":146,"column":53}},"64":{"start":{"line":147,"column":4},"end":{"line":149,"column":null}},"65":{"start":{"line":148,"column":6},"end":{"line":148,"column":null}},"66":{"start":{"line":152,"column":4},"end":{"line":154,"column":null}},"67":{"start":{"line":153,"column":6},"end":{"line":153,"column":null}},"68":{"start":{"line":157,"column":25},"end":{"line":164,"column":null}},"69":{"start":{"line":158,"column":6},"end":{"line":158,"column":null}},"70":{"start":{"line":158,"column":23},"end":{"line":158,"column":null}},"71":{"start":{"line":160,"column":6},"end":{"line":162,"column":null}},"72":{"start":{"line":161,"column":8},"end":{"line":161,"column":null}},"73":{"start":{"line":163,"column":6},"end":{"line":163,"column":null}},"74":{"start":{"line":165,"column":4},"end":{"line":167,"column":null}},"75":{"start":{"line":166,"column":6},"end":{"line":166,"column":null}},"76":{"start":{"line":170,"column":4},"end":{"line":170,"column":null}},"77":{"start":{"line":172,"column":4},"end":{"line":176,"column":null}},"78":{"start":{"line":181,"column":17},"end":{"line":181,"column":null}},"79":{"start":{"line":181,"column":38},"end":{"line":181,"column":53}},"80":{"start":{"line":182,"column":4},"end":{"line":184,"column":null}},"81":{"start":{"line":183,"column":6},"end":{"line":183,"column":null}},"82":{"start":{"line":186,"column":4},"end":{"line":188,"column":null}},"83":{"start":{"line":187,"column":6},"end":{"line":187,"column":null}},"84":{"start":{"line":190,"column":4},"end":{"line":190,"column":null}},"85":{"start":{"line":192,"column":4},"end":{"line":195,"column":null}},"86":{"start":{"line":207,"column":4},"end":{"line":214,"column":null}},"87":{"start":{"line":208,"column":35},"end":{"line":208,"column":100}},"88":{"start":{"line":209,"column":33},"end":{"line":209,"column":64}},"89":{"start":{"line":210,"column":33},"end":{"line":210,"column":64}},"90":{"start":{"line":211,"column":33},"end":{"line":211,"column":64}},"91":{"start":{"line":212,"column":33},"end":{"line":212,"column":64}},"92":{"start":{"line":213,"column":38},"end":{"line":213,"column":109}},"93":{"start":{"line":219,"column":4},"end":{"line":219,"column":null}},"94":{"start":{"line":219,"column":37},"end":{"line":219,"column":55}},"95":{"start":{"line":224,"column":17},"end":{"line":224,"column":null}},"96":{"start":{"line":224,"column":38},"end":{"line":224,"column":53}},"97":{"start":{"line":225,"column":4},"end":{"line":225,"column":null}},"98":{"start":{"line":230,"column":4},"end":{"line":230,"column":null}},"99":{"start":{"line":235,"column":4},"end":{"line":235,"column":null}},"100":{"start":{"line":235,"column":32},"end":{"line":235,"column":47}},"101":{"start":{"line":240,"column":4},"end":{"line":240,"column":null}},"102":{"start":{"line":245,"column":4},"end":{"line":245,"column":null}},"103":{"start":{"line":250,"column":4},"end":{"line":250,"column":null}},"104":{"start":{"line":255,"column":4},"end":{"line":255,"column":null}},"105":{"start":{"line":255,"column":32},"end":{"line":255,"column":71}},"106":{"start":{"line":260,"column":46},"end":{"line":260,"column":null}},"107":{"start":{"line":261,"column":4},"end":{"line":265,"column":null}},"108":{"start":{"line":262,"column":22},"end":{"line":262,"column":53}},"109":{"start":{"line":264,"column":8},"end":{"line":264,"column":null}},"110":{"start":{"line":266,"column":4},"end":{"line":266,"column":null}},"111":{"start":{"line":271,"column":4},"end":{"line":271,"column":null}},"112":{"start":{"line":276,"column":19},"end":{"line":276,"column":null}},"113":{"start":{"line":277,"column":36},"end":{"line":277,"column":null}},"114":{"start":{"line":280,"column":4},"end":{"line":348,"column":null}},"115":{"start":{"line":282,"column":6},"end":{"line":286,"column":null}},"116":{"start":{"line":285,"column":8},"end":{"line":285,"column":null}},"117":{"start":{"line":288,"column":6},"end":{"line":347,"column":null}},"118":{"start":{"line":291,"column":8},"end":{"line":308,"column":null}},"119":{"start":{"line":292,"column":10},"end":{"line":300,"column":null}},"120":{"start":{"line":293,"column":25},"end":{"line":293,"column":52}},"121":{"start":{"line":293,"column":52},"end":{"line":293,"column":null}},"122":{"start":{"line":294,"column":25},"end":{"line":294,"column":52}},"123":{"start":{"line":294,"column":52},"end":{"line":294,"column":null}},"124":{"start":{"line":295,"column":25},"end":{"line":295,"column":52}},"125":{"start":{"line":295,"column":52},"end":{"line":295,"column":null}},"126":{"start":{"line":296,"column":25},"end":{"line":296,"column":52}},"127":{"start":{"line":296,"column":52},"end":{"line":296,"column":null}},"128":{"start":{"line":297,"column":27},"end":{"line":297,"column":56}},"129":{"start":{"line":297,"column":56},"end":{"line":297,"column":null}},"130":{"start":{"line":298,"column":30},"end":{"line":298,"column":62}},"131":{"start":{"line":298,"column":62},"end":{"line":298,"column":null}},"132":{"start":{"line":299,"column":21},"end":{"line":299,"column":50}},"133":{"start":{"line":299,"column":50},"end":{"line":299,"column":null}},"134":{"start":{"line":302,"column":10},"end":{"line":307,"column":null}},"135":{"start":{"line":303,"column":34},"end":{"line":303,"column":63}},"136":{"start":{"line":303,"column":63},"end":{"line":303,"column":null}},"137":{"start":{"line":304,"column":33},"end":{"line":304,"column":60}},"138":{"start":{"line":304,"column":60},"end":{"line":304,"column":null}},"139":{"start":{"line":305,"column":37},"end":{"line":305,"column":69}},"140":{"start":{"line":305,"column":69},"end":{"line":305,"column":null}},"141":{"start":{"line":306,"column":21},"end":{"line":306,"column":50}},"142":{"start":{"line":306,"column":50},"end":{"line":306,"column":null}},"143":{"start":{"line":311,"column":53},"end":{"line":339,"column":null}},"144":{"start":{"line":342,"column":8},"end":{"line":342,"column":null}},"145":{"start":{"line":343,"column":8},"end":{"line":343,"column":null}},"146":{"start":{"line":344,"column":8},"end":{"line":344,"column":null}},"147":{"start":{"line":346,"column":8},"end":{"line":346,"column":null}},"148":{"start":{"line":351,"column":4},"end":{"line":353,"column":null}},"149":{"start":{"line":351,"column":17},"end":{"line":351,"column":43}},"150":{"start":{"line":352,"column":6},"end":{"line":352,"column":null}},"151":{"start":{"line":355,"column":4},"end":{"line":355,"column":null}}},"fnMap":{"0":{"name":"(anonymous_0)","decl":{"start":{"line":20,"column":2},"end":{"line":20,"column":14}},"loc":{"start":{"line":20,"column":104},"end":{"line":24,"column":null}},"line":20},"1":{"name":"(anonymous_1)","decl":{"start":{"line":26,"column":2},"end":{"line":26,"column":14}},"loc":{"start":{"line":26,"column":38},"end":{"line":28,"column":null}},"line":26},"2":{"name":"(anonymous_2)","decl":{"start":{"line":30,"column":2},"end":{"line":30,"column":25}},"loc":{"start":{"line":30,"column":25},"end":{"line":32,"column":null}},"line":30},"3":{"name":"(anonymous_3)","decl":{"start":{"line":34,"column":2},"end":{"line":34,"column":30}},"loc":{"start":{"line":34,"column":30},"end":{"line":36,"column":null}},"line":34},"4":{"name":"(anonymous_4)","decl":{"start":{"line":38,"column":2},"end":{"line":38,"column":20}},"loc":{"start":{"line":38,"column":20},"end":{"line":40,"column":null}},"line":38},"5":{"name":"(anonymous_5)","decl":{"start":{"line":43,"column":2},"end":{"line":43,"column":10}},"loc":{"start":{"line":43,"column":57},"end":{"line":66,"column":null}},"line":43},"6":{"name":"(anonymous_6)","decl":{"start":{"line":45,"column":41},"end":{"line":45,"column":49}},"loc":{"start":{"line":45,"column":49},"end":{"line":45,"column":85}},"line":45},"7":{"name":"(anonymous_7)","decl":{"start":{"line":69,"column":2},"end":{"line":69,"column":15}},"loc":{"start":{"line":69,"column":62},"end":{"line":76,"column":null}},"line":69},"8":{"name":"(anonymous_8)","decl":{"start":{"line":79,"column":2},"end":{"line":79,"column":18}},"loc":{"start":{"line":79,"column":47},"end":{"line":84,"column":null}},"line":79},"9":{"name":"(anonymous_9)","decl":{"start":{"line":80,"column":43},"end":{"line":80,"column":48}},"loc":{"start":{"line":80,"column":48},"end":{"line":80,"column":75}},"line":80},"10":{"name":"(anonymous_10)","decl":{"start":{"line":87,"column":2},"end":{"line":87,"column":15}},"loc":{"start":{"line":87,"column":66},"end":{"line":89,"column":null}},"line":87},"11":{"name":"(anonymous_11)","decl":{"start":{"line":88,"column":31},"end":{"line":88,"column":36}},"loc":{"start":{"line":88,"column":36},"end":{"line":88,"column":63}},"line":88},"12":{"name":"(anonymous_12)","decl":{"start":{"line":92,"column":2},"end":{"line":92,"column":13}},"loc":{"start":{"line":92,"column":60},"end":{"line":109,"column":null}},"line":92},"13":{"name":"(anonymous_13)","decl":{"start":{"line":93,"column":43},"end":{"line":93,"column":51}},"loc":{"start":{"line":93,"column":51},"end":{"line":93,"column":69}},"line":93},"14":{"name":"(anonymous_14)","decl":{"start":{"line":112,"column":2},"end":{"line":112,"column":10}},"loc":{"start":{"line":112,"column":88},"end":{"line":142,"column":null}},"line":112},"15":{"name":"(anonymous_15)","decl":{"start":{"line":113,"column":33},"end":{"line":113,"column":38}},"loc":{"start":{"line":113,"column":38},"end":{"line":113,"column":53}},"line":113},"16":{"name":"(anonymous_16)","decl":{"start":{"line":134,"column":37},"end":{"line":134,"column":42}},"loc":{"start":{"line":134,"column":42},"end":{"line":134,"column":57}},"line":134},"17":{"name":"(anonymous_17)","decl":{"start":{"line":145,"column":2},"end":{"line":145,"column":12}},"loc":{"start":{"line":145,"column":104},"end":{"line":177,"column":null}},"line":145},"18":{"name":"(anonymous_18)","decl":{"start":{"line":146,"column":33},"end":{"line":146,"column":38}},"loc":{"start":{"line":146,"column":38},"end":{"line":146,"column":53}},"line":146},"19":{"name":"(anonymous_19)","decl":{"start":{"line":157,"column":41},"end":{"line":157,"column":46}},"loc":{"start":{"line":157,"column":46},"end":{"line":164,"column":5}},"line":157},"20":{"name":"(anonymous_20)","decl":{"start":{"line":180,"column":2},"end":{"line":180,"column":14}},"loc":{"start":{"line":180,"column":69},"end":{"line":196,"column":null}},"line":180},"21":{"name":"(anonymous_21)","decl":{"start":{"line":181,"column":33},"end":{"line":181,"column":38}},"loc":{"start":{"line":181,"column":38},"end":{"line":181,"column":53}},"line":181},"22":{"name":"(anonymous_22)","decl":{"start":{"line":199,"column":2},"end":{"line":199,"column":null}},"loc":{"start":{"line":206,"column":4},"end":{"line":215,"column":null}},"line":206},"23":{"name":"(anonymous_23)","decl":{"start":{"line":208,"column":30},"end":{"line":208,"column":35}},"loc":{"start":{"line":208,"column":35},"end":{"line":208,"column":100}},"line":208},"24":{"name":"(anonymous_24)","decl":{"start":{"line":209,"column":28},"end":{"line":209,"column":33}},"loc":{"start":{"line":209,"column":33},"end":{"line":209,"column":64}},"line":209},"25":{"name":"(anonymous_25)","decl":{"start":{"line":210,"column":28},"end":{"line":210,"column":33}},"loc":{"start":{"line":210,"column":33},"end":{"line":210,"column":64}},"line":210},"26":{"name":"(anonymous_26)","decl":{"start":{"line":211,"column":28},"end":{"line":211,"column":33}},"loc":{"start":{"line":211,"column":33},"end":{"line":211,"column":64}},"line":211},"27":{"name":"(anonymous_27)","decl":{"start":{"line":212,"column":28},"end":{"line":212,"column":33}},"loc":{"start":{"line":212,"column":33},"end":{"line":212,"column":64}},"line":212},"28":{"name":"(anonymous_28)","decl":{"start":{"line":213,"column":33},"end":{"line":213,"column":38}},"loc":{"start":{"line":213,"column":38},"end":{"line":213,"column":109}},"line":213},"29":{"name":"(anonymous_29)","decl":{"start":{"line":218,"column":2},"end":{"line":218,"column":17}},"loc":{"start":{"line":218,"column":50},"end":{"line":220,"column":null}},"line":218},"30":{"name":"(anonymous_30)","decl":{"start":{"line":219,"column":29},"end":{"line":219,"column":37}},"loc":{"start":{"line":219,"column":37},"end":{"line":219,"column":55}},"line":219},"31":{"name":"(anonymous_31)","decl":{"start":{"line":223,"column":2},"end":{"line":223,"column":15}},"loc":{"start":{"line":223,"column":39},"end":{"line":226,"column":null}},"line":223},"32":{"name":"(anonymous_32)","decl":{"start":{"line":224,"column":33},"end":{"line":224,"column":38}},"loc":{"start":{"line":224,"column":38},"end":{"line":224,"column":53}},"line":224},"33":{"name":"(anonymous_33)","decl":{"start":{"line":229,"column":2},"end":{"line":229,"column":10}},"loc":{"start":{"line":229,"column":57},"end":{"line":231,"column":null}},"line":229},"34":{"name":"(anonymous_34)","decl":{"start":{"line":234,"column":2},"end":{"line":234,"column":10}},"loc":{"start":{"line":234,"column":53},"end":{"line":236,"column":null}},"line":234},"35":{"name":"(anonymous_35)","decl":{"start":{"line":235,"column":27},"end":{"line":235,"column":32}},"loc":{"start":{"line":235,"column":32},"end":{"line":235,"column":47}},"line":235},"36":{"name":"(anonymous_36)","decl":{"start":{"line":239,"column":6},"end":{"line":239,"column":26}},"loc":{"start":{"line":239,"column":26},"end":{"line":241,"column":null}},"line":239},"37":{"name":"(anonymous_37)","decl":{"start":{"line":244,"column":2},"end":{"line":244,"column":33}},"loc":{"start":{"line":244,"column":33},"end":{"line":246,"column":null}},"line":244},"38":{"name":"(anonymous_38)","decl":{"start":{"line":249,"column":2},"end":{"line":249,"column":30}},"loc":{"start":{"line":249,"column":30},"end":{"line":251,"column":null}},"line":249},"39":{"name":"(anonymous_39)","decl":{"start":{"line":254,"column":2},"end":{"line":254,"column":48}},"loc":{"start":{"line":254,"column":48},"end":{"line":256,"column":null}},"line":254},"40":{"name":"(anonymous_40)","decl":{"start":{"line":255,"column":27},"end":{"line":255,"column":32}},"loc":{"start":{"line":255,"column":32},"end":{"line":255,"column":71}},"line":255},"41":{"name":"(anonymous_41)","decl":{"start":{"line":259,"column":2},"end":{"line":259,"column":41}},"loc":{"start":{"line":259,"column":41},"end":{"line":267,"column":null}},"line":259},"42":{"name":"(anonymous_42)","decl":{"start":{"line":262,"column":14},"end":{"line":262,"column":22}},"loc":{"start":{"line":262,"column":22},"end":{"line":262,"column":53}},"line":262},"43":{"name":"(anonymous_43)","decl":{"start":{"line":263,"column":15},"end":{"line":263,"column":23}},"loc":{"start":{"line":263,"column":23},"end":{"line":265,"column":7}},"line":263},"44":{"name":"(anonymous_44)","decl":{"start":{"line":270,"column":2},"end":{"line":270,"column":74}},"loc":{"start":{"line":270,"column":74},"end":{"line":272,"column":null}},"line":270},"45":{"name":"(anonymous_45)","decl":{"start":{"line":275,"column":2},"end":{"line":275,"column":64}},"loc":{"start":{"line":275,"column":64},"end":{"line":356,"column":null}},"line":275},"46":{"name":"(anonymous_46)","decl":{"start":{"line":280,"column":23},"end":{"line":280,"column":24}},"loc":{"start":{"line":280,"column":40},"end":{"line":348,"column":5}},"line":280}},"branchMap":{"0":{"loc":{"start":{"line":20,"column":14},"end":{"line":20,"column":43}},"type":"default-arg","locations":[{"start":{"line":20,"column":39},"end":{"line":20,"column":43}}],"line":20},"1":{"loc":{"start":{"line":20,"column":43},"end":{"line":20,"column":80}},"type":"default-arg","locations":[{"start":{"line":20,"column":76},"end":{"line":20,"column":80}}],"line":20},"2":{"loc":{"start":{"line":20,"column":80},"end":{"line":20,"column":104}},"type":"default-arg","locations":[{"start":{"line":20,"column":99},"end":{"line":20,"column":104}}],"line":20},"3":{"loc":{"start":{"line":43,"column":26},"end":{"line":43,"column":57}},"type":"default-arg","locations":[{"start":{"line":43,"column":45},"end":{"line":43,"column":57}}],"line":43},"4":{"loc":{"start":{"line":45,"column":49},"end":{"line":45,"column":85}},"type":"binary-expr","locations":[{"start":{"line":45,"column":49},"end":{"line":45,"column":71}},{"start":{"line":45,"column":71},"end":{"line":45,"column":85}}],"line":45},"5":{"loc":{"start":{"line":47,"column":4},"end":{"line":51,"column":null}},"type":"if","locations":[{"start":{"line":47,"column":4},"end":{"line":51,"column":null}},{"start":{},"end":{}}],"line":47},"6":{"loc":{"start":{"line":54,"column":4},"end":{"line":56,"column":null}},"type":"if","locations":[{"start":{"line":54,"column":4},"end":{"line":56,"column":null}},{"start":{},"end":{}}],"line":54},"7":{"loc":{"start":{"line":60,"column":4},"end":{"line":63,"column":null}},"type":"if","locations":[{"start":{"line":60,"column":4},"end":{"line":63,"column":null}},{"start":{},"end":{}}],"line":60},"8":{"loc":{"start":{"line":71,"column":4},"end":{"line":73,"column":null}},"type":"if","locations":[{"start":{"line":71,"column":4},"end":{"line":73,"column":null}},{"start":{},"end":{}}],"line":71},"9":{"loc":{"start":{"line":81,"column":4},"end":{"line":81,"column":null}},"type":"if","locations":[{"start":{"line":81,"column":4},"end":{"line":81,"column":null}},{"start":{},"end":{}}],"line":81},"10":{"loc":{"start":{"line":92,"column":29},"end":{"line":92,"column":60}},"type":"default-arg","locations":[{"start":{"line":92,"column":48},"end":{"line":92,"column":60}}],"line":92},"11":{"loc":{"start":{"line":94,"column":4},"end":{"line":94,"column":null}},"type":"if","locations":[{"start":{"line":94,"column":4},"end":{"line":94,"column":null}},{"start":{},"end":{}}],"line":94},"12":{"loc":{"start":{"line":98,"column":4},"end":{"line":106,"column":null}},"type":"if","locations":[{"start":{"line":98,"column":4},"end":{"line":106,"column":null}},{"start":{"line":100,"column":11},"end":{"line":106,"column":null}}],"line":98},"13":{"loc":{"start":{"line":102,"column":6},"end":{"line":104,"column":null}},"type":"if","locations":[{"start":{"line":102,"column":6},"end":{"line":104,"column":null}},{"start":{},"end":{}}],"line":102},"14":{"loc":{"start":{"line":114,"column":4},"end":{"line":116,"column":null}},"type":"if","locations":[{"start":{"line":114,"column":4},"end":{"line":116,"column":null}},{"start":{},"end":{}}],"line":114},"15":{"loc":{"start":{"line":119,"column":4},"end":{"line":121,"column":null}},"type":"if","locations":[{"start":{"line":119,"column":4},"end":{"line":121,"column":null}},{"start":{},"end":{}}],"line":119},"16":{"loc":{"start":{"line":125,"column":4},"end":{"line":125,"column":null}},"type":"if","locations":[{"start":{"line":125,"column":4},"end":{"line":125,"column":null}},{"start":{},"end":{}}],"line":125},"17":{"loc":{"start":{"line":126,"column":4},"end":{"line":126,"column":null}},"type":"if","locations":[{"start":{"line":126,"column":4},"end":{"line":126,"column":null}},{"start":{},"end":{}}],"line":126},"18":{"loc":{"start":{"line":127,"column":4},"end":{"line":127,"column":null}},"type":"if","locations":[{"start":{"line":127,"column":4},"end":{"line":127,"column":null}},{"start":{},"end":{}}],"line":127},"19":{"loc":{"start":{"line":128,"column":4},"end":{"line":128,"column":null}},"type":"if","locations":[{"start":{"line":128,"column":4},"end":{"line":128,"column":null}},{"start":{},"end":{}}],"line":128},"20":{"loc":{"start":{"line":131,"column":4},"end":{"line":135,"column":null}},"type":"if","locations":[{"start":{"line":131,"column":4},"end":{"line":135,"column":null}},{"start":{"line":133,"column":11},"end":{"line":135,"column":null}}],"line":131},"21":{"loc":{"start":{"line":147,"column":4},"end":{"line":149,"column":null}},"type":"if","locations":[{"start":{"line":147,"column":4},"end":{"line":149,"column":null}},{"start":{},"end":{}}],"line":147},"22":{"loc":{"start":{"line":152,"column":4},"end":{"line":154,"column":null}},"type":"if","locations":[{"start":{"line":152,"column":4},"end":{"line":154,"column":null}},{"start":{},"end":{}}],"line":152},"23":{"loc":{"start":{"line":152,"column":8},"end":{"line":152,"column":107}},"type":"binary-expr","locations":[{"start":{"line":152,"column":8},"end":{"line":152,"column":41}},{"start":{"line":152,"column":41},"end":{"line":152,"column":73}},{"start":{"line":152,"column":73},"end":{"line":152,"column":107}}],"line":152},"24":{"loc":{"start":{"line":158,"column":6},"end":{"line":158,"column":null}},"type":"if","locations":[{"start":{"line":158,"column":6},"end":{"line":158,"column":null}},{"start":{},"end":{}}],"line":158},"25":{"loc":{"start":{"line":160,"column":6},"end":{"line":162,"column":null}},"type":"if","locations":[{"start":{"line":160,"column":6},"end":{"line":162,"column":null}},{"start":{},"end":{}}],"line":160},"26":{"loc":{"start":{"line":160,"column":10},"end":{"line":160,"column":31}},"type":"binary-expr","locations":[{"start":{"line":160,"column":10},"end":{"line":160,"column":23}},{"start":{"line":160,"column":23},"end":{"line":160,"column":31}}],"line":160},"27":{"loc":{"start":{"line":165,"column":4},"end":{"line":167,"column":null}},"type":"if","locations":[{"start":{"line":165,"column":4},"end":{"line":167,"column":null}},{"start":{},"end":{}}],"line":165},"28":{"loc":{"start":{"line":175,"column":20},"end":{"line":175,"column":null}},"type":"binary-expr","locations":[{"start":{"line":175,"column":20},"end":{"line":175,"column":36}},{"start":{"line":175,"column":36},"end":{"line":175,"column":null}}],"line":175},"29":{"loc":{"start":{"line":182,"column":4},"end":{"line":184,"column":null}},"type":"if","locations":[{"start":{"line":182,"column":4},"end":{"line":184,"column":null}},{"start":{},"end":{}}],"line":182},"30":{"loc":{"start":{"line":186,"column":4},"end":{"line":188,"column":null}},"type":"if","locations":[{"start":{"line":186,"column":4},"end":{"line":188,"column":null}},{"start":{},"end":{}}],"line":186},"31":{"loc":{"start":{"line":208,"column":14},"end":{"line":208,"column":null}},"type":"binary-expr","locations":[{"start":{"line":208,"column":14},"end":{"line":208,"column":105}},{"start":{"line":208,"column":105},"end":{"line":208,"column":null}}],"line":208},"32":{"loc":{"start":{"line":208,"column":35},"end":{"line":208,"column":100}},"type":"binary-expr","locations":[{"start":{"line":208,"column":35},"end":{"line":208,"column":50}},{"start":{"line":208,"column":50},"end":{"line":208,"column":73}},{"start":{"line":208,"column":73},"end":{"line":208,"column":100}}],"line":208},"33":{"loc":{"start":{"line":209,"column":12},"end":{"line":209,"column":null}},"type":"binary-expr","locations":[{"start":{"line":209,"column":12},"end":{"line":209,"column":69}},{"start":{"line":209,"column":69},"end":{"line":209,"column":null}}],"line":209},"34":{"loc":{"start":{"line":209,"column":33},"end":{"line":209,"column":64}},"type":"binary-expr","locations":[{"start":{"line":209,"column":33},"end":{"line":209,"column":47}},{"start":{"line":209,"column":47},"end":{"line":209,"column":64}}],"line":209},"35":{"loc":{"start":{"line":210,"column":12},"end":{"line":210,"column":null}},"type":"binary-expr","locations":[{"start":{"line":210,"column":12},"end":{"line":210,"column":69}},{"start":{"line":210,"column":69},"end":{"line":210,"column":null}}],"line":210},"36":{"loc":{"start":{"line":210,"column":33},"end":{"line":210,"column":64}},"type":"binary-expr","locations":[{"start":{"line":210,"column":33},"end":{"line":210,"column":47}},{"start":{"line":210,"column":47},"end":{"line":210,"column":64}}],"line":210},"37":{"loc":{"start":{"line":211,"column":12},"end":{"line":211,"column":null}},"type":"binary-expr","locations":[{"start":{"line":211,"column":12},"end":{"line":211,"column":69}},{"start":{"line":211,"column":69},"end":{"line":211,"column":null}}],"line":211},"38":{"loc":{"start":{"line":211,"column":33},"end":{"line":211,"column":64}},"type":"binary-expr","locations":[{"start":{"line":211,"column":33},"end":{"line":211,"column":47}},{"start":{"line":211,"column":47},"end":{"line":211,"column":64}}],"line":211},"39":{"loc":{"start":{"line":212,"column":12},"end":{"line":212,"column":null}},"type":"binary-expr","locations":[{"start":{"line":212,"column":12},"end":{"line":212,"column":69}},{"start":{"line":212,"column":69},"end":{"line":212,"column":null}}],"line":212},"40":{"loc":{"start":{"line":212,"column":33},"end":{"line":212,"column":64}},"type":"binary-expr","locations":[{"start":{"line":212,"column":33},"end":{"line":212,"column":47}},{"start":{"line":212,"column":47},"end":{"line":212,"column":64}}],"line":212},"41":{"loc":{"start":{"line":213,"column":17},"end":{"line":213,"column":null}},"type":"binary-expr","locations":[{"start":{"line":213,"column":17},"end":{"line":213,"column":114}},{"start":{"line":213,"column":114},"end":{"line":213,"column":null}}],"line":213},"42":{"loc":{"start":{"line":213,"column":38},"end":{"line":213,"column":109}},"type":"binary-expr","locations":[{"start":{"line":213,"column":38},"end":{"line":213,"column":53}},{"start":{"line":213,"column":53},"end":{"line":213,"column":79}},{"start":{"line":213,"column":79},"end":{"line":213,"column":109}}],"line":213},"43":{"loc":{"start":{"line":225,"column":11},"end":{"line":225,"column":null}},"type":"cond-expr","locations":[{"start":{"line":225,"column":18},"end":{"line":225,"column":34}},{"start":{"line":225,"column":34},"end":{"line":225,"column":null}}],"line":225},"44":{"loc":{"start":{"line":229,"column":26},"end":{"line":229,"column":57}},"type":"default-arg","locations":[{"start":{"line":229,"column":45},"end":{"line":229,"column":57}}],"line":229},"45":{"loc":{"start":{"line":255,"column":32},"end":{"line":255,"column":71}},"type":"binary-expr","locations":[{"start":{"line":255,"column":32},"end":{"line":255,"column":46}},{"start":{"line":255,"column":46},"end":{"line":255,"column":71}}],"line":255},"46":{"loc":{"start":{"line":282,"column":6},"end":{"line":286,"column":null}},"type":"if","locations":[{"start":{"line":282,"column":6},"end":{"line":286,"column":null}},{"start":{},"end":{}}],"line":282},"47":{"loc":{"start":{"line":282,"column":10},"end":{"line":284,"column":42}},"type":"binary-expr","locations":[{"start":{"line":282,"column":10},"end":{"line":282,"column":null}},{"start":{"line":283,"column":8},"end":{"line":283,"column":null}},{"start":{"line":284,"column":8},"end":{"line":284,"column":42}}],"line":282},"48":{"loc":{"start":{"line":291,"column":8},"end":{"line":308,"column":null}},"type":"if","locations":[{"start":{"line":291,"column":8},"end":{"line":308,"column":null}},{"start":{"line":301,"column":15},"end":{"line":308,"column":null}}],"line":291},"49":{"loc":{"start":{"line":292,"column":10},"end":{"line":300,"column":null}},"type":"switch","locations":[{"start":{"line":293,"column":12},"end":{"line":293,"column":null}},{"start":{"line":294,"column":12},"end":{"line":294,"column":null}},{"start":{"line":295,"column":12},"end":{"line":295,"column":null}},{"start":{"line":296,"column":12},"end":{"line":296,"column":null}},{"start":{"line":297,"column":12},"end":{"line":297,"column":null}},{"start":{"line":298,"column":12},"end":{"line":298,"column":null}},{"start":{"line":299,"column":12},"end":{"line":299,"column":null}}],"line":292},"50":{"loc":{"start":{"line":302,"column":10},"end":{"line":307,"column":null}},"type":"switch","locations":[{"start":{"line":303,"column":12},"end":{"line":303,"column":null}},{"start":{"line":304,"column":12},"end":{"line":304,"column":null}},{"start":{"line":305,"column":12},"end":{"line":305,"column":null}},{"start":{"line":306,"column":12},"end":{"line":306,"column":null}}],"line":302},"51":{"loc":{"start":{"line":319,"column":23},"end":{"line":319,"column":null}},"type":"binary-expr","locations":[{"start":{"line":319,"column":23},"end":{"line":319,"column":43}},{"start":{"line":319,"column":43},"end":{"line":319,"column":null}}],"line":319},"52":{"loc":{"start":{"line":321,"column":20},"end":{"line":321,"column":null}},"type":"binary-expr","locations":[{"start":{"line":321,"column":20},"end":{"line":321,"column":35}},{"start":{"line":321,"column":35},"end":{"line":321,"column":null}}],"line":321},"53":{"loc":{"start":{"line":322,"column":21},"end":{"line":322,"column":null}},"type":"binary-expr","locations":[{"start":{"line":322,"column":21},"end":{"line":322,"column":37}},{"start":{"line":322,"column":37},"end":{"line":322,"column":null}}],"line":322},"54":{"loc":{"start":{"line":323,"column":16},"end":{"line":323,"column":null}},"type":"binary-expr","locations":[{"start":{"line":323,"column":16},"end":{"line":323,"column":30}},{"start":{"line":323,"column":30},"end":{"line":323,"column":null}}],"line":323},"55":{"loc":{"start":{"line":324,"column":19},"end":{"line":324,"column":null}},"type":"binary-expr","locations":[{"start":{"line":324,"column":19},"end":{"line":324,"column":33}},{"start":{"line":324,"column":33},"end":{"line":324,"column":null}}],"line":324},"56":{"loc":{"start":{"line":325,"column":17},"end":{"line":325,"column":null}},"type":"binary-expr","locations":[{"start":{"line":325,"column":17},"end":{"line":325,"column":33}},{"start":{"line":325,"column":33},"end":{"line":325,"column":null}}],"line":325},"57":{"loc":{"start":{"line":326,"column":19},"end":{"line":326,"column":null}},"type":"binary-expr","locations":[{"start":{"line":326,"column":19},"end":{"line":326,"column":37}},{"start":{"line":326,"column":37},"end":{"line":326,"column":null}}],"line":326},"58":{"loc":{"start":{"line":327,"column":18},"end":{"line":327,"column":null}},"type":"binary-expr","locations":[{"start":{"line":327,"column":18},"end":{"line":327,"column":35}},{"start":{"line":327,"column":35},"end":{"line":327,"column":null}}],"line":327},"59":{"loc":{"start":{"line":328,"column":24},"end":{"line":328,"column":null}},"type":"binary-expr","locations":[{"start":{"line":328,"column":24},"end":{"line":328,"column":43}},{"start":{"line":328,"column":43},"end":{"line":328,"column":null}}],"line":328},"60":{"loc":{"start":{"line":329,"column":25},"end":{"line":329,"column":null}},"type":"binary-expr","locations":[{"start":{"line":329,"column":25},"end":{"line":329,"column":45}},{"start":{"line":329,"column":45},"end":{"line":329,"column":null}}],"line":329},"61":{"loc":{"start":{"line":330,"column":24},"end":{"line":330,"column":null}},"type":"binary-expr","locations":[{"start":{"line":330,"column":24},"end":{"line":330,"column":43}},{"start":{"line":330,"column":43},"end":{"line":330,"column":null}}],"line":330},"62":{"loc":{"start":{"line":332,"column":19},"end":{"line":332,"column":null}},"type":"binary-expr","locations":[{"start":{"line":332,"column":19},"end":{"line":332,"column":35}},{"start":{"line":332,"column":35},"end":{"line":332,"column":null}}],"line":332},"63":{"loc":{"start":{"line":335,"column":20},"end":{"line":335,"column":null}},"type":"binary-expr","locations":[{"start":{"line":335,"column":20},"end":{"line":335,"column":37}},{"start":{"line":335,"column":37},"end":{"line":335,"column":null}}],"line":335},"64":{"loc":{"start":{"line":336,"column":24},"end":{"line":336,"column":null}},"type":"binary-expr","locations":[{"start":{"line":336,"column":24},"end":{"line":336,"column":45}},{"start":{"line":336,"column":45},"end":{"line":336,"column":null}}],"line":336},"65":{"loc":{"start":{"line":337,"column":28},"end":{"line":337,"column":null}},"type":"binary-expr","locations":[{"start":{"line":337,"column":28},"end":{"line":337,"column":53}},{"start":{"line":337,"column":53},"end":{"line":337,"column":null}}],"line":337}},"s":{"0":46,"1":46,"2":46,"3":1,"4":4,"5":1,"6":2,"7":42,"8":14,"9":42,"10":1,"11":1,"12":41,"13":1,"14":40,"15":40,"16":39,"17":39,"18":1,"19":4,"20":1,"21":3,"22":3,"23":2,"24":1,"25":2,"26":1,"27":1,"28":1,"29":1,"30":1,"31":6,"32":6,"33":6,"34":1,"35":5,"36":5,"37":3,"38":2,"39":0,"40":2,"41":5,"42":4,"43":5,"44":4,"45":1,"46":3,"47":1,"48":2,"49":2,"50":2,"51":2,"52":0,"53":2,"54":2,"55":2,"56":2,"57":2,"58":1,"59":1,"60":1,"61":2,"62":6,"63":8,"64":6,"65":1,"66":5,"67":1,"68":4,"69":4,"70":3,"71":1,"72":0,"73":1,"74":4,"75":1,"76":4,"77":4,"78":2,"79":2,"80":2,"81":0,"82":2,"83":1,"84":1,"85":1,"86":1,"87":0,"88":0,"89":0,"90":0,"91":0,"92":0,"93":2,"94":6,"95":6,"96":6,"97":6,"98":4,"99":0,"100":0,"101":0,"102":0,"103":0,"104":0,"105":0,"106":1,"107":1,"108":2,"109":1,"110":1,"111":1,"112":0,"113":0,"114":0,"115":0,"116":0,"117":0,"118":0,"119":0,"120":0,"121":0,"122":0,"123":0,"124":0,"125":0,"126":0,"127":0,"128":0,"129":0,"130":0,"131":0,"132":0,"133":0,"134":0,"135":0,"136":0,"137":0,"138":0,"139":0,"140":0,"141":0,"142":0,"143":0,"144":0,"145":0,"146":0,"147":0,"148":0,"149":0,"150":0,"151":0},"f":{"0":46,"1":1,"2":4,"3":1,"4":2,"5":42,"6":14,"7":4,"8":2,"9":1,"10":1,"11":1,"12":6,"13":6,"14":4,"15":5,"16":1,"17":6,"18":8,"19":4,"20":2,"21":2,"22":1,"23":0,"24":0,"25":0,"26":0,"27":0,"28":0,"29":2,"30":6,"31":6,"32":6,"33":4,"34":0,"35":0,"36":0,"37":0,"38":0,"39":0,"40":0,"41":1,"42":2,"43":1,"44":1,"45":0,"46":0},"b":{"0":[46],"1":[46],"2":[46],"3":[42],"4":[14,2],"5":[1,41],"6":[1,40],"7":[39,1],"8":[1,3],"9":[1,1],"10":[6],"11":[1,5],"12":[3,2],"13":[0,2],"14":[1,3],"15":[1,2],"16":[2,0],"17":[0,2],"18":[0,2],"19":[0,2],"20":[1,1],"21":[1,5],"22":[1,4],"23":[5,1,1],"24":[3,1],"25":[0,1],"26":[1,0],"27":[1,3],"28":[4,3],"29":[0,2],"30":[1,1],"31":[1,1],"32":[0,0,0],"33":[1,1],"34":[0,0],"35":[1,1],"36":[0,0],"37":[1,1],"38":[0,0],"39":[1,1],"40":[0,0],"41":[1,1],"42":[0,0,0],"43":[4,2],"44":[4],"45":[0,0],"46":[0,0],"47":[0,0,0],"48":[0,0],"49":[0,0,0,0,0,0,0],"50":[0,0,0,0],"51":[0,0],"52":[0,0],"53":[0,0],"54":[0,0],"55":[0,0],"56":[0,0],"57":[0,0],"58":[0,0],"59":[0,0],"60":[0,0],"61":[0,0],"62":[0,0],"63":[0,0],"64":[0,0],"65":[0,0]},"meta":{"lastBranch":66,"lastFunction":47,"lastStatement":152,"seen":{"f:20:2:20:14":0,"b:20:39:20:43":0,"b:20:76:20:80":1,"b:20:99:20:104":2,"s:21:4:21:Infinity":0,"s:22:4:22:Infinity":1,"s:23:4:23:Infinity":2,"f:26:2:26:14":1,"s:27:4:27:Infinity":3,"f:30:2:30:25":2,"s:31:4:31:Infinity":4,"f:34:2:34:30":3,"s:35:4:35:Infinity":5,"f:38:2:38:20":4,"s:39:4:39:Infinity":6,"f:43:2:43:10":5,"b:43:45:43:57":3,"s:45:25:45:Infinity":7,"f:45:41:45:49":6,"s:45:49:45:85":8,"b:45:49:45:71:45:71:45:85":4,"b:47:4:51:Infinity:undefined:undefined:undefined:undefined":5,"s:47:4:51:Infinity":9,"s:49:6:49:Infinity":10,"s:50:6:50:Infinity":11,"b:54:4:56:Infinity:undefined:undefined:undefined:undefined":6,"s:54:4:56:Infinity":12,"s:55:6:55:Infinity":13,"s:59:10:59:Infinity":14,"b:60:4:63:Infinity:undefined:undefined:undefined:undefined":7,"s:60:4:63:Infinity":15,"s:61:6:61:Infinity":16,"s:62:6:62:Infinity":17,"s:65:4:65:Infinity":18,"f:69:2:69:15":7,"b:71:4:73:Infinity:undefined:undefined:undefined:undefined":8,"s:71:4:73:Infinity":19,"s:72:6:72:Infinity":20,"s:74:4:74:Infinity":21,"s:75:4:75:Infinity":22,"f:79:2:79:18":8,"s:80:18:80:Infinity":23,"f:80:43:80:48":9,"s:80:48:80:75":24,"b:81:4:81:Infinity:undefined:undefined:undefined:undefined":9,"s:81:4:81:Infinity":25,"s:81:22:81:Infinity":26,"s:82:4:82:Infinity":27,"s:83:4:83:Infinity":28,"f:87:2:87:15":10,"s:88:4:88:Infinity":29,"f:88:31:88:36":11,"s:88:36:88:63":30,"f:92:2:92:13":12,"b:92:48:92:60":10,"s:93:22:93:Infinity":31,"f:93:43:93:51":13,"s:93:51:93:69":32,"b:94:4:94:Infinity:undefined:undefined:undefined:undefined":11,"s:94:4:94:Infinity":33,"s:94:26:94:Infinity":34,"s:96:17:96:Infinity":35,"b:98:4:106:Infinity:100:11:106:Infinity":12,"s:98:4:106:Infinity":36,"s:99:6:99:Infinity":37,"b:102:6:104:Infinity:undefined:undefined:undefined:undefined":13,"s:102:6:104:Infinity":38,"s:103:8:103:Infinity":39,"s:105:6:105:Infinity":40,"s:108:4:108:Infinity":41,"f:112:2:112:10":14,"s:113:17:113:Infinity":42,"f:113:33:113:38":15,"s:113:38:113:53":43,"b:114:4:116:Infinity:undefined:undefined:undefined:undefined":14,"s:114:4:116:Infinity":44,"s:115:6:115:Infinity":45,"b:119:4:121:Infinity:undefined:undefined:undefined:undefined":15,"s:119:4:121:Infinity":46,"s:120:6:120:Infinity":47,"s:123:33:123:Infinity":48,"b:125:4:125:Infinity:undefined:undefined:undefined:undefined":16,"s:125:4:125:Infinity":49,"s:125:21:125:Infinity":50,"b:126:4:126:Infinity:undefined:undefined:undefined:undefined":17,"s:126:4:126:Infinity":51,"s:126:26:126:Infinity":52,"b:127:4:127:Infinity:undefined:undefined:undefined:undefined":18,"s:127:4:127:Infinity":53,"s:127:25:127:Infinity":54,"b:128:4:128:Infinity:undefined:undefined:undefined:undefined":19,"s:128:4:128:Infinity":55,"s:128:25:128:Infinity":56,"b:131:4:135:Infinity:133:11:135:Infinity":20,"s:131:4:135:Infinity":57,"s:132:6:132:Infinity":58,"s:134:6:134:Infinity":59,"f:134:37:134:42":16,"s:134:42:134:57":60,"s:137:4:141:Infinity":61,"f:145:2:145:12":17,"s:146:17:146:Infinity":62,"f:146:33:146:38":18,"s:146:38:146:53":63,"b:147:4:149:Infinity:undefined:undefined:undefined:undefined":21,"s:147:4:149:Infinity":64,"s:148:6:148:Infinity":65,"b:152:4:154:Infinity:undefined:undefined:undefined:undefined":22,"s:152:4:154:Infinity":66,"b:152:8:152:41:152:41:152:73:152:73:152:107":23,"s:153:6:153:Infinity":67,"s:157:25:164:Infinity":68,"f:157:41:157:46":19,"b:158:6:158:Infinity:undefined:undefined:undefined:undefined":24,"s:158:6:158:Infinity":69,"s:158:23:158:Infinity":70,"b:160:6:162:Infinity:undefined:undefined:undefined:undefined":25,"s:160:6:162:Infinity":71,"b:160:10:160:23:160:23:160:31":26,"s:161:8:161:Infinity":72,"s:163:6:163:Infinity":73,"b:165:4:167:Infinity:undefined:undefined:undefined:undefined":27,"s:165:4:167:Infinity":74,"s:166:6:166:Infinity":75,"s:170:4:170:Infinity":76,"s:172:4:176:Infinity":77,"b:175:20:175:36:175:36:175:Infinity":28,"f:180:2:180:14":20,"s:181:17:181:Infinity":78,"f:181:33:181:38":21,"s:181:38:181:53":79,"b:182:4:184:Infinity:undefined:undefined:undefined:undefined":29,"s:182:4:184:Infinity":80,"s:183:6:183:Infinity":81,"b:186:4:188:Infinity:undefined:undefined:undefined:undefined":30,"s:186:4:188:Infinity":82,"s:187:6:187:Infinity":83,"s:190:4:190:Infinity":84,"s:192:4:195:Infinity":85,"f:199:2:199:Infinity":22,"s:207:4:214:Infinity":86,"b:208:14:208:105:208:105:208:Infinity":31,"f:208:30:208:35":23,"s:208:35:208:100":87,"b:208:35:208:50:208:50:208:73:208:73:208:100":32,"b:209:12:209:69:209:69:209:Infinity":33,"f:209:28:209:33":24,"s:209:33:209:64":88,"b:209:33:209:47:209:47:209:64":34,"b:210:12:210:69:210:69:210:Infinity":35,"f:210:28:210:33":25,"s:210:33:210:64":89,"b:210:33:210:47:210:47:210:64":36,"b:211:12:211:69:211:69:211:Infinity":37,"f:211:28:211:33":26,"s:211:33:211:64":90,"b:211:33:211:47:211:47:211:64":38,"b:212:12:212:69:212:69:212:Infinity":39,"f:212:28:212:33":27,"s:212:33:212:64":91,"b:212:33:212:47:212:47:212:64":40,"b:213:17:213:114:213:114:213:Infinity":41,"f:213:33:213:38":28,"s:213:38:213:109":92,"b:213:38:213:53:213:53:213:79:213:79:213:109":42,"f:218:2:218:17":29,"s:219:4:219:Infinity":93,"f:219:29:219:37":30,"s:219:37:219:55":94,"f:223:2:223:15":31,"s:224:17:224:Infinity":95,"f:224:33:224:38":32,"s:224:38:224:53":96,"s:225:4:225:Infinity":97,"b:225:18:225:34:225:34:225:Infinity":43,"f:229:2:229:10":33,"b:229:45:229:57":44,"s:230:4:230:Infinity":98,"f:234:2:234:10":34,"s:235:4:235:Infinity":99,"f:235:27:235:32":35,"s:235:32:235:47":100,"f:239:6:239:26":36,"s:240:4:240:Infinity":101,"f:244:2:244:33":37,"s:245:4:245:Infinity":102,"f:249:2:249:30":38,"s:250:4:250:Infinity":103,"f:254:2:254:48":39,"s:255:4:255:Infinity":104,"f:255:27:255:32":40,"s:255:32:255:71":105,"b:255:32:255:46:255:46:255:71":45,"f:259:2:259:41":41,"s:260:46:260:Infinity":106,"s:261:4:265:Infinity":107,"f:262:14:262:22":42,"s:262:22:262:53":108,"f:263:15:263:23":43,"s:264:8:264:Infinity":109,"s:266:4:266:Infinity":110,"f:270:2:270:74":44,"s:271:4:271:Infinity":111,"f:275:2:275:64":45,"s:276:19:276:Infinity":112,"s:277:36:277:Infinity":113,"s:280:4:348:Infinity":114,"f:280:23:280:24":46,"b:282:6:286:Infinity:undefined:undefined:undefined:undefined":46,"s:282:6:286:Infinity":115,"b:282:10:282:Infinity:283:8:283:Infinity:284:8:284:42":47,"s:285:8:285:Infinity":116,"s:288:6:347:Infinity":117,"b:291:8:308:Infinity:301:15:308:Infinity":48,"s:291:8:308:Infinity":118,"b:293:12:293:Infinity:294:12:294:Infinity:295:12:295:Infinity:296:12:296:Infinity:297:12:297:Infinity:298:12:298:Infinity:299:12:299:Infinity":49,"s:292:10:300:Infinity":119,"s:293:25:293:52":120,"s:293:52:293:Infinity":121,"s:294:25:294:52":122,"s:294:52:294:Infinity":123,"s:295:25:295:52":124,"s:295:52:295:Infinity":125,"s:296:25:296:52":126,"s:296:52:296:Infinity":127,"s:297:27:297:56":128,"s:297:56:297:Infinity":129,"s:298:30:298:62":130,"s:298:62:298:Infinity":131,"s:299:21:299:50":132,"s:299:50:299:Infinity":133,"b:303:12:303:Infinity:304:12:304:Infinity:305:12:305:Infinity:306:12:306:Infinity":50,"s:302:10:307:Infinity":134,"s:303:34:303:63":135,"s:303:63:303:Infinity":136,"s:304:33:304:60":137,"s:304:60:304:Infinity":138,"s:305:37:305:69":139,"s:305:69:305:Infinity":140,"s:306:21:306:50":141,"s:306:50:306:Infinity":142,"s:311:53:339:Infinity":143,"b:319:23:319:43:319:43:319:Infinity":51,"b:321:20:321:35:321:35:321:Infinity":52,"b:322:21:322:37:322:37:322:Infinity":53,"b:323:16:323:30:323:30:323:Infinity":54,"b:324:19:324:33:324:33:324:Infinity":55,"b:325:17:325:33:325:33:325:Infinity":56,"b:326:19:326:37:326:37:326:Infinity":57,"b:327:18:327:35:327:35:327:Infinity":58,"b:328:24:328:43:328:43:328:Infinity":59,"b:329:25:329:45:329:45:329:Infinity":60,"b:330:24:330:43:330:43:330:Infinity":61,"b:332:19:332:35:332:35:332:Infinity":62,"b:335:20:335:37:335:37:335:Infinity":63,"b:336:24:336:45:336:45:336:Infinity":64,"b:337:28:337:53:337:53:337:Infinity":65,"s:342:8:342:Infinity":144,"s:343:8:343:Infinity":145,"s:344:8:344:Infinity":146,"s:346:8:346:Infinity":147,"s:351:4:353:Infinity":148,"s:351:17:351:43":149,"s:352:6:352:Infinity":150,"s:355:4:355:Infinity":151}}}
,"C:\\Users\\Administrator\\Desktop\\game\\trainsurvival-capacitor\\src\\data\\equipmentTypes.ts": {"path":"C:\\Users\\Administrator\\Desktop\\game\\trainsurvival-capacitor\\src\\data\\equipmentTypes.ts","statementMap":{"0":{"start":{"line":6,"column":7},"end":{"line":6,"column":null}},"1":{"start":{"line":7,"column":2},"end":{"line":7,"column":null}},"2":{"start":{"line":8,"column":2},"end":{"line":8,"column":null}},"3":{"start":{"line":9,"column":2},"end":{"line":9,"column":null}},"4":{"start":{"line":10,"column":2},"end":{"line":10,"column":null}},"5":{"start":{"line":11,"column":2},"end":{"line":11,"column":null}},"6":{"start":{"line":12,"column":2},"end":{"line":12,"column":null}},"7":{"start":{"line":14,"column":2},"end":{"line":14,"column":null}},"8":{"start":{"line":15,"column":2},"end":{"line":15,"column":null}},"9":{"start":{"line":6,"column":12},"end":{"line":6,"column":null}},"10":{"start":{"line":19,"column":31},"end":{"line":19,"column":null}},"11":{"start":{"line":22,"column":7},"end":{"line":22,"column":null}},"12":{"start":{"line":23,"column":2},"end":{"line":23,"column":null}},"13":{"start":{"line":24,"column":2},"end":{"line":24,"column":null}},"14":{"start":{"line":25,"column":2},"end":{"line":25,"column":null}},"15":{"start":{"line":26,"column":2},"end":{"line":26,"column":null}},"16":{"start":{"line":27,"column":2},"end":{"line":27,"column":null}},"17":{"start":{"line":28,"column":2},"end":{"line":28,"column":null}},"18":{"start":{"line":29,"column":2},"end":{"line":29,"column":null}},"19":{"start":{"line":30,"column":2},"end":{"line":30,"column":null}},"20":{"start":{"line":31,"column":2},"end":{"line":31,"column":null}},"21":{"start":{"line":32,"column":2},"end":{"line":32,"column":null}},"22":{"start":{"line":22,"column":12},"end":{"line":22,"column":null}},"23":{"start":{"line":36,"column":7},"end":{"line":36,"column":null}},"24":{"start":{"line":38,"column":2},"end":{"line":38,"column":null}},"25":{"start":{"line":39,"column":2},"end":{"line":39,"column":null}},"26":{"start":{"line":40,"column":2},"end":{"line":40,"column":null}},"27":{"start":{"line":41,"column":2},"end":{"line":41,"column":null}},"28":{"start":{"line":44,"column":2},"end":{"line":44,"column":null}},"29":{"start":{"line":45,"column":2},"end":{"line":45,"column":null}},"30":{"start":{"line":48,"column":2},"end":{"line":48,"column":null}},"31":{"start":{"line":49,"column":2},"end":{"line":49,"column":null}},"32":{"start":{"line":52,"column":2},"end":{"line":52,"column":null}},"33":{"start":{"line":53,"column":2},"end":{"line":53,"column":null}},"34":{"start":{"line":54,"column":2},"end":{"line":54,"column":null}},"35":{"start":{"line":55,"column":2},"end":{"line":55,"column":null}},"36":{"start":{"line":56,"column":2},"end":{"line":56,"column":null}},"37":{"start":{"line":57,"column":2},"end":{"line":57,"column":null}},"38":{"start":{"line":60,"column":2},"end":{"line":60,"column":null}},"39":{"start":{"line":61,"column":2},"end":{"line":61,"column":null}},"40":{"start":{"line":62,"column":2},"end":{"line":62,"column":null}},"41":{"start":{"line":63,"column":2},"end":{"line":63,"column":null}},"42":{"start":{"line":64,"column":2},"end":{"line":64,"column":null}},"43":{"start":{"line":67,"column":2},"end":{"line":67,"column":null}},"44":{"start":{"line":68,"column":2},"end":{"line":68,"column":null}},"45":{"start":{"line":69,"column":2},"end":{"line":69,"column":null}},"46":{"start":{"line":70,"column":2},"end":{"line":70,"column":null}},"47":{"start":{"line":71,"column":2},"end":{"line":71,"column":null}},"48":{"start":{"line":36,"column":12},"end":{"line":36,"column":null}},"49":{"start":{"line":167,"column":57},"end":{"line":174,"column":null}},"50":{"start":{"line":177,"column":57},"end":{"line":184,"column":null}},"51":{"start":{"line":187,"column":61},"end":{"line":212,"column":null}},"52":{"start":{"line":215,"column":60},"end":{"line":226,"column":null}}},"fnMap":{"0":{"name":"(anonymous_0)","decl":{"start":{"line":6,"column":7},"end":{"line":6,"column":12}},"loc":{"start":{"line":6,"column":7},"end":{"line":6,"column":null}},"line":6},"1":{"name":"(anonymous_1)","decl":{"start":{"line":22,"column":7},"end":{"line":22,"column":12}},"loc":{"start":{"line":22,"column":7},"end":{"line":22,"column":null}},"line":22},"2":{"name":"(anonymous_2)","decl":{"start":{"line":36,"column":7},"end":{"line":36,"column":12}},"loc":{"start":{"line":36,"column":7},"end":{"line":36,"column":null}},"line":36}},"branchMap":{"0":{"loc":{"start":{"line":6,"column":12},"end":{"line":6,"column":null}},"type":"binary-expr","locations":[{"start":{"line":6,"column":12},"end":{"line":6,"column":null}},{"start":{"line":6,"column":12},"end":{"line":6,"column":null}}],"line":6},"1":{"loc":{"start":{"line":22,"column":12},"end":{"line":22,"column":null}},"type":"binary-expr","locations":[{"start":{"line":22,"column":12},"end":{"line":22,"column":null}},{"start":{"line":22,"column":12},"end":{"line":22,"column":null}}],"line":22},"2":{"loc":{"start":{"line":36,"column":12},"end":{"line":36,"column":null}},"type":"binary-expr","locations":[{"start":{"line":36,"column":12},"end":{"line":36,"column":null}},{"start":{"line":36,"column":12},"end":{"line":36,"column":null}}],"line":36}},"s":{"0":2,"1":2,"2":2,"3":2,"4":2,"5":2,"6":2,"7":2,"8":2,"9":2,"10":2,"11":2,"12":2,"13":2,"14":2,"15":2,"16":2,"17":2,"18":2,"19":2,"20":2,"21":2,"22":2,"23":2,"24":2,"25":2,"26":2,"27":2,"28":2,"29":2,"30":2,"31":2,"32":2,"33":2,"34":2,"35":2,"36":2,"37":2,"38":2,"39":2,"40":2,"41":2,"42":2,"43":2,"44":2,"45":2,"46":2,"47":2,"48":2,"49":2,"50":2,"51":2,"52":2},"f":{"0":2,"1":2,"2":2},"b":{"0":[2,2],"1":[2,2],"2":[2,2]},"meta":{"lastBranch":3,"lastFunction":3,"lastStatement":53,"seen":{"s:6:7:6:Infinity":0,"f:6:7:6:12":0,"s:7:2:7:Infinity":1,"s:8:2:8:Infinity":2,"s:9:2:9:Infinity":3,"s:10:2:10:Infinity":4,"s:11:2:11:Infinity":5,"s:12:2:12:Infinity":6,"s:14:2:14:Infinity":7,"s:15:2:15:Infinity":8,"s:6:12:6:Infinity":9,"b:6:12:6:Infinity:6:12:6:Infinity":0,"s:19:31:19:Infinity":10,"s:22:7:22:Infinity":11,"f:22:7:22:12":1,"s:23:2:23:Infinity":12,"s:24:2:24:Infinity":13,"s:25:2:25:Infinity":14,"s:26:2:26:Infinity":15,"s:27:2:27:Infinity":16,"s:28:2:28:Infinity":17,"s:29:2:29:Infinity":18,"s:30:2:30:Infinity":19,"s:31:2:31:Infinity":20,"s:32:2:32:Infinity":21,"s:22:12:22:Infinity":22,"b:22:12:22:Infinity:22:12:22:Infinity":1,"s:36:7:36:Infinity":23,"f:36:7:36:12":2,"s:38:2:38:Infinity":24,"s:39:2:39:Infinity":25,"s:40:2:40:Infinity":26,"s:41:2:41:Infinity":27,"s:44:2:44:Infinity":28,"s:45:2:45:Infinity":29,"s:48:2:48:Infinity":30,"s:49:2:49:Infinity":31,"s:52:2:52:Infinity":32,"s:53:2:53:Infinity":33,"s:54:2:54:Infinity":34,"s:55:2:55:Infinity":35,"s:56:2:56:Infinity":36,"s:57:2:57:Infinity":37,"s:60:2:60:Infinity":38,"s:61:2:61:Infinity":39,"s:62:2:62:Infinity":40,"s:63:2:63:Infinity":41,"s:64:2:64:Infinity":42,"s:67:2:67:Infinity":43,"s:68:2:68:Infinity":44,"s:69:2:69:Infinity":45,"s:70:2:70:Infinity":46,"s:71:2:71:Infinity":47,"s:36:12:36:Infinity":48,"b:36:12:36:Infinity:36:12:36:Infinity":2,"s:167:57:174:Infinity":49,"s:177:57:184:Infinity":50,"s:187:61:212:Infinity":51,"s:215:60:226:Infinity":52}}}
[...]
":2},"end":{"line":20,"column":null}},"16":{"start":{"line":14,"column":12},"end":{"line":14,"column":null}},"17":{"start":{"line":23,"column":7},"end":{"line":23,"column":null}},"18":{"start":{"line":24,"column":2},"end":{"line":24,"column":null}},"19":{"start":{"line":25,"column":2},"end":{"line":25,"column":null}},"20":{"start":{"line":26,"column":2},"end":{"line":26,"column":null}},"21":{"start":{"line":27,"column":2},"end":{"line":27,"column":null}},"22":{"start":{"line":23,"column":12},"end":{"line":23,"column":null}},"23":{"start":{"line":31,"column":7},"end":{"line":31,"column":null}},"24":{"start":{"line":32,"column":2},"end":{"line":32,"column":null}},"25":{"start":{"line":33,"column":2},"end":{"line":33,"column":null}},"26":{"start":{"line":31,"column":12},"end":{"line":31,"column":null}},"27":{"start":{"line":37,"column":7},"end":{"line":37,"column":null}},"28":{"start":{"line":38,"column":2},"end":{"line":38,"column":null}},"29":{"start":{"line":39,"column":2},"end":{"line":39,"column":null}},"30":{"start":{"line":37,"column":12},"end":{"line":37,"column":null}},"31":{"start":{"line":43,"column":7},"end":{"line":43,"column":null}},"32":{"start":{"line":44,"column":2},"end":{"line":44,"column":null}},"33":{"start":{"line":45,"column":2},"end":{"line":45,"column":null}},"34":{"start":{"line":46,"column":2},"end":{"line":46,"column":null}},"35":{"start":{"line":47,"column":2},"end":{"line":47,"column":null}},"36":{"start":{"line":43,"column":12},"end":{"line":43,"column":null}},"37":{"start":{"line":51,"column":7},"end":{"line":51,"column":null}},"38":{"start":{"line":52,"column":2},"end":{"line":52,"column":null}},"39":{"start":{"line":53,"column":2},"end":{"line":53,"column":null}},"40":{"start":{"line":54,"column":2},"end":{"line":54,"column":null}},"41":{"start":{"line":55,"column":2},"end":{"line":55,"column":null}},"42":{"start":{"line":56,"column":2},"end":{"line":56,"column":null}},"43":{"start":{"line":57,"column":2},"end":{"line":57,"column":null}},"44":{"start":{"line":51,"column":12},"end":{"line":51,"column":null}},"45":{"start":{"line":113,"column":7},"end":{"line":113,"column":null}},"46":{"start":{"line":114,"column":2},"end":{"line":114,"column":null}},"47":{"start":{"line":115,"column":2},"end":{"line":115,"column":null}},"48":{"start":{"line":116,"column":2},"end":{"line":116,"column":null}},"49":{"start":{"line":117,"column":2},"end":{"line":117,"column":null}},"50":{"start":{"line":118,"column":2},"end":{"line":118,"column":null}},"51":{"start":{"line":119,"column":2},"end":{"line":119,"column":null}},"52":{"start":{"line":120,"column":2},"end":{"line":120,"column":null}},"53":{"start":{"line":121,"column":2},"end":{"line":121,"column":null}},"54":{"start":{"line":122,"column":2},"end":{"line":122,"column":null}},"55":{"start":{"line":123,"column":2},"end":{"line":123,"column":null}},"56":{"start":{"line":124,"column":2},"end":{"line":124,"column":null}},"57":{"start":{"line":125,"column":2},"end":{"line":125,"column":null}},"58":{"start":{"line":126,"column":2},"end":{"line":126,"column":null}},"59":{"start":{"line":127,"column":2},"end":{"line":127,"column":null}},"60":{"start":{"line":128,"column":2},"end":{"line":128,"column":null}},"61":{"start":{"line":129,"column":2},"end":{"line":129,"column":null}},"62":{"start":{"line":130,"column":2},"end":{"line":130,"column":null}},"63":{"start":{"line":113,"column":12},"end":{"line":113,"column":null}},"64":{"start":{"line":134,"column":7},"end":{"line":134,"column":null}},"65":{"start":{"line":135,"column":2},"end":{"line":135,"column":null}},"66":{"start":{"line":136,"column":2},"end":{"line":136,"column":null}},"67":{"start":{"line":137,"column":2},"end":{"line":137,"column":null}},"68":{"start":{"line":138,"column":2},"end":{"line":138,"column":null}},"69":{"start":{"line":139,"column":2},"end":{"line":139,"column":null}},"70":{"start":{"line":140,"column":2},"end":{"line":140,"column":null}},"71":{"start":{"line":141,"column":2},"end":{"line":141,"column":null}},"72":{"start":{"line":142,"column":2},"end":{"line":142,"column":null}},"73":{"start":{"line":143,"column":2},"end":{"line":143,"column":null}},"74":{"start":{"line":144,"column":2},"end":{"line":144,"column":null}},"75":{"start":{"line":134,"column":12},"end":{"line":134,"column":null}},"76":{"start":{"line":311,"column":57},"end":{"line":318,"column":null}},"77":{"start":{"line":320,"column":56},"end":{"line":327,"column":null}},"78":{"start":{"line":329,"column":52},"end":{"line":337,"column":null}},"79":{"start":{"line":339,"column":52},"end":{"line":347,"column":null}},"80":{"start":{"line":354,"column":7},"end":{"line":354,"column":null}},"81":{"start":{"line":355,"column":2},"end":{"line":355,"column":null}},"82":{"start":{"line":356,"column":2},"end":{"line":356,"column":null}},"83":{"start":{"line":357,"column":2},"end":{"line":357,"column":null}},"84":{"start":{"line":358,"column":2},"end":{"line":358,"column":null}},"85":{"start":{"line":359,"column":2},"end":{"line":359,"column":null}},"86":{"start":{"line":360,"column":2},"end":{"line":360,"column":null}},"87":{"start":{"line":361,"column":2},"end":{"line":361,"column":null}},"88":{"start":{"line":354,"column":12},"end":{"line":354,"column":null}}},"fnMap":{"0":{"name":"(anonymous_0)","decl":{"start":{"line":4,"column":7},"end":{"line":4,"column":12}},"loc":{"start":{"line":4,"column":7},"end":{"line":4,"column":null}},"line":4},"1":{"name":"(anonymous_1)","decl":{"start":{"line":14,"column":7},"end":{"line":14,"column":12}},"loc":{"start":{"line":14,"column":7},"end":{"line":14,"column":null}},"line":14},"2":{"name":"(anonymous_2)","decl":{"start":{"line":23,"column":7},"end":{"line":23,"column":12}},"loc":{"start":{"line":23,"column":7},"end":{"line":23,"column":null}},"line":23},"3":{"name":"(anonymous_3)","decl":{"start":{"line":31,"column":7},"end":{"line":31,"column":12}},"loc":{"start":{"line":31,"column":7},"end":{"line":31,"column":null}},"line":31},"4":{"name":"(anonymous_4)","decl":{"start":{"line":37,"column":7},"end":{"line":37,"column":12}},"loc":{"start":{"line":37,"column":7},"end":{"line":37,"column":null}},"line":37},"5":{"name":"(anonymous_5)","decl":{"start":{"line":43,"column":7},"end":{"line":43,"column":12}},"loc":{"start":{"line":43,"column":7},"end":{"line":43,"column":null}},"line":43},"6":{"name":"(anonymous_6)","decl":{"start":{"line":51,"column":7},"end":{"line":51,"column":12}},"loc":{"start":{"line":51,"column":7},"end":{"line":51,"column":null}},"line":51},"7":{"name":"(anonymous_7)","decl":{"start":{"line":113,"column":7},"end":{"line":113,"column":12}},"loc":{"start":{"line":113,"column":7},"end":{"line":113,"column":null}},"line":113},"8":{"name":"(anonymous_8)","decl":{"start":{"line":134,"column":7},"end":{"line":134,"column":12}},"loc":{"start":{"line":134,"column":7},"end":{"line":134,"column":null}},"line":134},"9":{"name":"(anonymous_9)","decl":{"start":{"line":354,"column":7},"end":{"line":354,"column":12}},"loc":{"start":{"line":354,"column":7},"end":{"line":354,"column":null}},"line":354}},"branchMap":{"0":{"loc":{"start":{"line":4,"column":12},"end":{"line":4,"column":null}},"type":"binary-expr","locations":[{"start":{"line":4,"column":12},"end":{"line":4,"column":null}},{"start":{"line":4,"column":12},"end":{"line":4,"column":null}}],"line":4},"1":{"loc":{"start":{"line":14,"column":12},"end":{"line":14,"column":null}},"type":"binary-expr","locations":[{"start":{"line":14,"column":12},"end":{"line":14,"column":null}},{"start":{"line":14,"column":12},"end":{"line":14,"column":null}}],"line":14},"2":{"loc":{"start":{"line":23,"column":12},"end":{"line":23,"column":null}},"type":"binary-expr","locations":[{"start":{"line":23,"column":12},"end":{"line":23,"column":null}},{"start":{"line":23,"column":12},"end":{"line":23,"column":null}}],"line":23},"3":{"loc":{"start":{"line":31,"column":12},"end":{"line":31,"column":null}},"type":"binary-expr","locations":[{"start":{"line":31,"column":12},"end":{"line":31,"column":null}},{"start":{"line":31,"column":12},"end":{"line":31,"column":null}}],"line":31},"4":{"loc":{"start":{"line":37,"column":12},"end":{"line":37,"column":null}},"type":"binary-expr","locations":[{"start":{"line":37,"column":12},"end":{"line":37,"column":null}},{"start":{"line":37,"column":12},"end":{"line":37,"column":null}}],"line":37},"5":{"loc":{"start":{"line":43,"column":12},"end":{"line":43,"column":null}},"type":"binary-expr","locations":[{"start":{"line":43,"column":12},"end":{"line":43,"column":null}},{"start":{"line":43,"column":12},"end":{"line":43,"column":null}}],"line":43},"6":{"loc":{"start":{"line":51,"column":12},"end":{"line":51,"column":null}},"type":"binary-expr","locations":[{"start":{"line":51,"column":12},"end":{"line":51,"column":null}},{"start":{"line":51,"column":12},"end":{"line":51,"column":null}}],"line":51},"7":{"loc":{"start":{"line":113,"column":12},"end":{"line":113,"column":null}},"type":"binary-expr","locations":[{"start":{"line":113,"column":12},"end":{"line":113,"column":null}},{"start":{"line":113,"column":12},"end":{"line":113,"column":null}}],"line":113},"8":{"loc":{"start":{"line":134,"column":12},"end":{"line":134,"column":null}},"type":"binary-expr","locations":[{"start":{"line":134,"column":12},"end":{"line":134,"column":null}},{"start":{"line":134,"column":12},"end":{"line":134,"column":null}}],"line":134},"9":{"loc":{"start":{"line":354,"column":12},"end":{"line":354,"column":null}},"type":"binary-expr","locations":[{"start":{"line":354,"column":12},"end":{"line":354,"column":null}},{"start":{"line":354,"column":12},"end":{"line":354,"column":null}}],"line":354}},"s":{"0":2,"1":2,"2":2,"3":2,"4":2,"5":2,"6":2,"7":2,"8":2,"9":2,"10":2,"11":2,"12":2,"13":2,"14":2,"15":2,"16":2,"17":2,"18":2,"19":2,"20":2,"21":2,"22":2,"23":2,"24":2,"25":2,"26":2,"27":2,"28":2,"29":2,"30":2,"31":2,"32":2,"33":2,"34":2,"35":2,"36":2,"37":2,"38":2,"39":2,"40":2,"41":2,"42":2,"43":2,"44":2,"45":2,"46":2,"47":2,"48":2,"49":2,"50":2,"51":2,"52":2,"53":2,"54":2,"55":2,"56":2,"57":2,"58":2,"59":2,"60":2,"61":2,"62":2,"63":2,"64":2,"65":2,"66":2,"67":2,"68":2,"69":2,"70":2,"71":2,"72":2,"73":2,"74":2,"75":2,"76":2,"77":2,"78":2,"79":2,"80":2,"81":2,"82":2,"83":2,"84":2,"85":2,"86":2,"87":2,"88":2},"f":{"0":2,"1":2,"2":2,"3":2,"4":2,"5":2,"6":2,"7":2,"8":2,"9":2},"b":{"0":[2,2],"1":[2,2],"2":[2,2],"3":[2,2],"4":[2,2],"5":[2,2],"6":[2,2],"7":[2,2],"8":[2,2],"9":[2,2]},"meta":{"lastBranch":10,"lastFunction":10,"lastStatement":89,"seen":{"s:4:7:4:Infinity":0,"f:4:7:4:12":0,"s:5:2:5:Infinity":1,"s:6:2:6:Infinity":2,"s:7:2:7:Infinity":3,"s:8:2:8:Infinity":4,"s:9:2:9:Infinity":5,"s:10:2:10:Infinity":6,"s:11:2:11:Infinity":7,"s:4:12:4:Infinity":8,"b:4:12:4:Infinity:4:12:4:Infinity":0,"s:14:7:14:Infinity":9,"f:14:7:14:12":1,"s:15:2:15:Infinity":10,"s:16:2:16:Infinity":11,"s:17:2:17:Infinity":12,"s:18:2:18:Infinity":13,"s:19:2:19:Infinity":14,"s:20:2:20:Infinity":15,"s:14:12:14:Infinity":16,"b:14:12:14:Infinity:14:12:14:Infinity":1,"s:23:7:23:Infinity":17,"f:23:7:23:12":2,"s:24:2:24:Infinity":18,"s:25:2:25:Infinity":19,"s:26:2:26:Infinity":20,"s:27:2:27:Infinity":21,"s:23:12:23:Infinity":22,"b:23:12:23:Infinity:23:12:23:Infinity":2,"s:31:7:31:Infinity":23,"f:31:7:31:12":3,"s:32:2:32:Infinity":24,"s:33:2:33:Infinity":25,"s:31:12:31:Infinity":26,"b:31:12:31:Infinity:31:12:31:Infinity":3,"s:37:7:37:Infinity":27,"f:37:7:37:12":4,"s:38:2:38:Infinity":28,"s:39:2:39:Infinity":29,"s:37:12:37:Infinity":30,"b:37:12:37:Infinity:37:12:37:Infinity":4,"s:43:7:43:Infinity":31,"f:43:7:43:12":5,"s:44:2:44:Infinity":32,"s:45:2:45:Infinity":33,"s:46:2:46:Infinity":34,"s:47:2:47:Infinity":35,"s:43:12:43:Infinity":36,"b:43:12:43:Infinity:43:12:43:Infinity":5,"s:51:7:51:Infinity":37,"f:51:7:51:12":6,"s:52:2:52:Infinity":38,"s:53:2:53:Infinity":39,"s:54:2:54:Infinity":40,"s:55:2:55:Infinity":41,"s:56:2:56:Infinity":42,"s:57:2:57:Infinity":43,"s:51:12:51:Infinity":44,"b:51:12:51:Infinity:51:12:51:Infinity":6,"s:113:7:113:Infinity":45,"f:113:7:113:12":7,"s:114:2:114:Infinity":46,"s:115:2:115:Infinity":47,"s:116:2:116:Infinity":48,"s:117:2:117:Infinity":49,"s:118:2:118:Infinity":50,"s:119:2:119:Infinity":51,"s:120:2:120:Infinity":52,"s:121:2:121:Infinity":53,"s:122:2:122:Infinity":54,"s:123:2:123:Infinity":55,"s:124:2:124:Infinity":56,"s:125:2:125:Infinity":57,"s:126:2:126:Infinity":58,"s:127:2:127:Infinity":59,"s:128:2:128:Infinity":60,"s:129:2:129:Infinity":61,"s:130:2:130:Infinity":62,"s:113:12:113:Infinity":63,"b:113:12:113:Infinity:113:12:113:Infinity":7,"s:134:7:134:Infinity":64,"f:134:7:134:12":8,"s:135:2:135:Infinity":65,"s:136:2:136:Infinity":66,"s:137:2:137:Infinity":67,"s:138:2:138:Infinity":68,"s:139:2:139:Infinity":69,"s:140:2:140:Infinity":70,"s:141:2:141:Infinity":71,"s:142:2:142:Infinity":72,"s:143:2:143:Infinity":73,"s:144:2:144:Infinity":74,"s:134:12:134:Infinity":75,"b:134:12:134:Infinity:134:12:134:Infinity":8,"s:311:57:318:Infinity":76,"s:320:56:327:Infinity":77,"s:329:52:337:Infinity":78,"s:339:52:347:Infinity":79,"s:354:7:354:Infinity":80,"f:354:7:354:12":9,"s:355:2:355:Infinity":81,"s:356:2:356:Infinity":82,"s:357:2:357:Infinity":83,"s:358:2:358:Infinity":84,"s:359:2:359:Infinity":85,"s:360:2:360:Infinity":86,"s:361:2:361:Infinity":87,"s:354:12:354:Infinity":88,"b:354:12:354:Infinity:354:12:354:Infinity":9}}}
,"C:\\Users\\Administrator\\Desktop\\game\\trainsurvival-capacitor\\src\\screens\\baseScreen\\utils.ts": {"path":"C:\\Users\\Administrator\\Desktop\\game\\trainsurvival-capacitor\\src\\screens\\baseScreen\\utils.ts","statementMap":{"0":{"start":{"line":3,"column":52},"end":{"line":23,"column":null}},"1":{"start":{"line":25,"column":53},"end":{"line":31,"column":null}},"2":{"start":{"line":34,"column":2},"end":{"line":36,"column":null}},"3":{"start":{"line":35,"column":4},"end":{"line":35,"column":null}},"4":{"start":{"line":38,"column":23},"end":{"line":38,"column":null}},"5":{"start":{"line":39,"column":15},"end":{"line":39,"column":null}},"6":{"start":{"line":40,"column":16},"end":{"line":40,"column":null}},"7":{"start":{"line":42,"column":2},"end":{"line":50,"column":null}},"8":{"start":{"line":43,"column":4},"end":{"line":49,"column":null}},"9":{"start":{"line":44,"column":6},"end":{"line":48,"column":null}},"10":{"start":{"line":45,"column":8},"end":{"line":45,"column":null}},"11":{"start":{"line":46,"column":8},"end":{"line":46,"column":null}},"12":{"start":{"line":47,"column":8},"end":{"line":47,"column":null}},"13":{"start":{"line":52,"column":19},"end":{"line":52,"column":null}},"14":{"start":{"line":54,"column":2},"end":{"line":57,"column":null}},"15":{"start":{"line":55,"column":24},"end":{"line":55,"column":null}},"16":{"start":{"line":56,"column":4},"end":{"line":56,"column":null}},"17":{"start":{"line":59,"column":2},"end":{"line":59,"column":null}},"18":{"start":{"line":63,"column":8},"end":{"line":63,"column":null}},"19":{"start":{"line":64,"column":2},"end":{"line":66,"column":null}},"20":{"start":{"line":65,"column":4},"end":{"line":65,"column":null}},"21":{"start":{"line":67,"column":2},"end":{"line":67,"column":null}},"22":{"start":{"line":71,"column":26},"end":{"line":71,"column":null}},"23":{"start":{"line":72,"column":2},"end":{"line":74,"column":null}},"24":{"start":{"line":73,"column":4},"end":{"line":73,"column":null}},"25":{"start":{"line":75,"column":2},"end":{"line":78,"column":null}},"26":{"start":{"line":76,"column":25},"end":{"line":76,"column":null}},"27":{"start":{"line":77,"column":4},"end":{"line":77,"column":null}},"28":{"start":{"line":79,"column":2},"end":{"line":79,"column":null}}},"fnMap":{"0":{"name":"getMaterialFullName","decl":{"start":{"line":33,"column":16},"end":{"line":33,"column":36}},"loc":{"start":{"line":33,"column":60},"end":{"line":60,"column":null}},"line":33},"1":{"name":"getItemName","decl":{"start":{"line":62,"column":16},"end":{"line":62,"column":28}},"loc":{"start":{"line":62,"column":52},"end":{"line":68,"column":null}},"line":62},"2":{"name":"formatCost","decl":{"start":{"line":70,"column":16},"end":{"line":70,"column":27}},"loc":{"start":{"line":70,"column":110},"end":{"line":80,"column":null}},"line":70},"3":{"name":"(anonymous_3)","decl":{"start":{"line":75,"column":25},"end":{"line":75,"column":32}},"loc":{"start":{"line":75,"column":32},"end":{"line":78,"column":3}},"line":75}},"branchMap":{"0":{"loc":{"start":{"line":34,"column":2},"end":{"line":36,"column":null}},"type":"if","locations":[{"start":{"line":34,"column":2},"end":{"line":36,"column":null}},{"start":{},"end":{}}],"line":34},"1":{"loc":{"start":{"line":42,"column":2},"end":{"line":50,"column":null}},"type":"if","locations":[{"start":{"line":42,"column":2},"end":{"line":50,"column":null}},{"start":{},"end":{}}],"line":42},"2":{"loc":{"start":{"line":44,"column":6},"end":{"line":48,"column":null}},"type":"if","locations":[{"start":{"line":44,"column":6},"end":{"line":48,"column":null}},{"start":{},"end":{}}],"line":44},"3":{"loc":{"start":{"line":52,"column":19},"end":{"line":52,"column":null}},"type":"binary-expr","locations":[{"start":{"line":52,"column":19},"end":{"line":52,"column":50}},{"start":{"line":52,"column":50},"end":{"line":52,"column":null}}],"line":52},"4":{"loc":{"start":{"line":54,"column":2},"end":{"line":57,"column":null}},"type":"if","locations":[{"start":{"line":54,"column":2},"end":{"line":57,"column":null}},{"start":{},"end":{}}],"line":54},"5":{"loc":{"start":{"line":55,"column":24},"end":{"line":55,"column":null}},"type":"binary-expr","locations":[{"start":{"line":55,"column":24},"end":{"line":55,"column":57}},{"start":{"line":55,"column":57},"end":{"line":55,"column":null}}],"line":55},"6":{"loc":{"start":{"line":56,"column":11},"end":{"line":56,"column":null}},"type":"cond-expr","locations":[{"start":{"line":56,"column":25},"end":{"line":56,"column":57}},{"start":{"line":56,"column":57},"end":{"line":56,"column":null}}],"line":56},"7":{"loc":{"start":{"line":64,"column":2},"end":{"line":66,"column":null}},"type":"if","locations":[{"start":{"line":64,"column":2},"end":{"line":66,"column":null}},{"start":{},"end":{}}],"line":64},"8":{"loc":{"start":{"line":72,"column":2},"end":{"line":74,"column":null}},"type":"if","locations":[{"start":{"line":72,"column":2},"end":{"line":74,"column":null}},{"start":{},"end":{}}],"line":72}},"s":{"0":1,"1":1,"2":148,"3":119,"4":29,"5":29,"6":29,"7":29,"8":23,"9":91,"10":11,"11":11,"12":11,"13":29,"14":148,"15":11,"16":11,"17":18,"18":117,"19":117,"20":6,"21":111,"22":13,"23":13,"24":5,"25":13,"26":110,"27":110,"28":13},"f":{"0":148,"1":117,"2":13,"3":110},"b":{"0":[119,29],"1":[23,6],"2":[11,80],"3":[29,18],"4":[11,137],"5":[11,0],"6":[11,0],"7":[6,111],"8":[5,8]},"meta":{"lastBranch":9,"lastFunction":4,"lastStatement":29,"seen":{"s:3:52:23:Infinity":0,"s:25:53:31:Infinity":1,"f:33:16:33:36":0,"b:34:2:36:Infinity:undefined:undefined:undefined:undefined":0,"s:34:2:36:Infinity":2,"s:35:4:35:Infinity":3,"s:38:23:38:Infinity":4,"s:39:15:39:Infinity":5,"s:40:16:40:Infinity":6,"b:42:2:50:Infinity:undefined:undefined:undefined:undefined":1,"s:42:2:50:Infinity":7,"s:43:4:49:Infinity":8,"b:44:6:48:Infinity:undefined:undefined:undefined:undefined":2,"s:44:6:48:Infinity":9,"s:45:8:45:Infinity":10,"s:46:8:46:Infinity":11,"s:47:8:47:Infinity":12,"s:52:19:52:Infinity":13,"b:52:19:52:50:52:50:52:Infinity":3,"b:54:2:57:Infinity:undefined:undefined:undefined:undefined":4,"s:54:2:57:Infinity":14,"s:55:24:55:Infinity":15,"b:55:24:55:57:55:57:55:Infinity":5,"s:56:4:56:Infinity":16,"b:56:25:56:57:56:57:56:Infinity":6,"s:59:2:59:Infinity":17,"f:62:16:62:28":1,"s:63:8:63:Infinity":18,"b:64:2:66:Infinity:undefined:undefined:undefined:undefined":7,"s:64:2:66:Infinity":19,"s:65:4:65:Infinity":20,"s:67:2:67:Infinity":21,"f:70:16:70:27":2,"s:71:26:71:Infinity":22,"b:72:2:74:Infinity:undefined:undefined:undefined:undefined":8,"s:72:2:74:Infinity":23,"s:73:4:73:Infinity":24,"s:75:2:78:Infinity":25,"f:75:25:75:32":3,"s:76:25:76:Infinity":26,"s:77:4:77:Infinity":27,"s:79:2:79:Infinity":28}}}
}
